2022-01-24 12:11:14,087 INFO    MainThread:35257 [wandb_setup.py:_flush():71] setting env: {}
2022-01-24 12:11:14,088 INFO    MainThread:35257 [wandb_setup.py:_flush():71] setting login settings: {}
2022-01-24 12:11:14,088 INFO    MainThread:35257 [wandb_setup.py:_flush():71] setting login settings: {}
2022-01-24 12:11:14,088 INFO    MainThread:35257 [wandb_init.py:_log_setup():371] Logging user logs to /home/pumpkin/.git/CENG-483/hw/hw3/implementation/src/wandb/wandb/run-20220124_121114-3rzm8iyq/logs/debug.log
2022-01-24 12:11:14,088 INFO    MainThread:35257 [wandb_init.py:_log_setup():372] Logging internal logs to /home/pumpkin/.git/CENG-483/hw/hw3/implementation/src/wandb/wandb/run-20220124_121114-3rzm8iyq/logs/debug-internal.log
2022-01-24 12:11:14,088 INFO    MainThread:35257 [wandb_init.py:_jupyter_setup():321] configuring jupyter hooks <wandb.sdk.wandb_init._WandbInit object at 0x7f02a3f18550>
2022-01-24 12:11:14,088 INFO    MainThread:35257 [wandb_init.py:init():404] calling init triggers
2022-01-24 12:11:14,088 INFO    MainThread:35257 [wandb_init.py:init():409] wandb.init called with sweep_config: {}
config: {'epochs': 100, 'batch_size': 16, 'learning_rate': 0.001, 'architecture': 'CNN'}
2022-01-24 12:11:14,088 INFO    MainThread:35257 [wandb_init.py:init():460] starting backend
2022-01-24 12:11:14,088 INFO    MainThread:35257 [backend.py:_multiprocessing_setup():99] multiprocessing start_methods=fork,spawn,forkserver, using: spawn
2022-01-24 12:11:14,095 INFO    MainThread:35257 [backend.py:ensure_launched():216] starting backend process...
2022-01-24 12:11:14,100 INFO    MainThread:35257 [backend.py:ensure_launched():221] started backend process with pid: 35288
2022-01-24 12:11:14,101 INFO    MainThread:35257 [wandb_init.py:init():469] backend started and connected
2022-01-24 12:11:14,112 INFO    MainThread:35257 [wandb_run.py:_label_probe_notebook():911] probe notebook
2022-01-24 12:11:14,113 INFO    MainThread:35257 [wandb_init.py:init():533] updated telemetry
2022-01-24 12:11:14,141 INFO    MainThread:35257 [wandb_init.py:init():563] communicating current version
2022-01-24 12:11:14,841 INFO    MainThread:35257 [wandb_init.py:init():568] got version response 
2022-01-24 12:11:14,841 INFO    MainThread:35257 [wandb_init.py:init():578] communicating run to backend with 30 second timeout
2022-01-24 12:11:15,106 INFO    MainThread:35257 [wandb_init.py:init():606] starting run threads in backend
2022-01-24 12:11:17,959 INFO    MainThread:35257 [wandb_run.py:_console_start():1810] atexit reg
2022-01-24 12:11:17,959 INFO    MainThread:35257 [wandb_run.py:_redirect():1684] redirect: SettingsConsole.WRAP
2022-01-24 12:11:17,959 INFO    MainThread:35257 [wandb_run.py:_redirect():1721] Wrapping output streams.
2022-01-24 12:11:17,960 INFO    MainThread:35257 [wandb_run.py:_redirect():1745] Redirects installed.
2022-01-24 12:11:17,960 INFO    MainThread:35257 [wandb_init.py:init():633] run started, returning control to user process
2022-01-24 12:11:20,101 INFO    MainThread:35257 [wandb_watch.py:watch():43] Watching
2022-01-24 12:12:40,174 INFO    MainThread:35257 [wandb_init.py:_pause_backend():284] pausing backend
2022-01-24 12:12:40,174 INFO    MainThread:35257 [jupyter.py:save_ipynb():374] not saving jupyter notebook
2022-01-24 12:13:08,965 INFO    MainThread:35257 [wandb_init.py:_resume_backend():293] resuming backend
2022-01-24 12:13:08,966 INFO    MainThread:35257 [wandb_init.py:_pause_backend():284] pausing backend
2022-01-24 12:13:08,966 INFO    MainThread:35257 [jupyter.py:save_ipynb():374] not saving jupyter notebook
2022-01-24 12:13:09,544 INFO    MainThread:35257 [wandb_init.py:_resume_backend():293] resuming backend
2022-01-24 12:13:09,545 INFO    MainThread:35257 [wandb_init.py:_pause_backend():284] pausing backend
2022-01-24 12:13:09,545 INFO    MainThread:35257 [jupyter.py:save_ipynb():374] not saving jupyter notebook
2022-01-24 12:13:10,294 INFO    MainThread:35257 [wandb_init.py:_resume_backend():293] resuming backend
2022-01-24 12:13:10,295 INFO    MainThread:35257 [wandb_init.py:_pause_backend():284] pausing backend
2022-01-24 12:13:10,295 INFO    MainThread:35257 [jupyter.py:save_ipynb():374] not saving jupyter notebook
2022-01-24 12:13:10,755 INFO    MainThread:35257 [wandb_init.py:_resume_backend():293] resuming backend
2022-01-24 12:13:10,755 INFO    MainThread:35257 [wandb_init.py:_pause_backend():284] pausing backend
2022-01-24 12:13:10,755 INFO    MainThread:35257 [jupyter.py:save_ipynb():374] not saving jupyter notebook
2022-01-24 12:13:11,117 INFO    MainThread:35257 [wandb_init.py:_resume_backend():293] resuming backend
2022-01-24 12:13:11,119 INFO    MainThread:35257 [wandb_init.py:_pause_backend():284] pausing backend
2022-01-24 12:13:11,120 INFO    MainThread:35257 [jupyter.py:save_ipynb():374] not saving jupyter notebook
2022-01-24 12:13:11,279 INFO    MainThread:35257 [wandb_init.py:_resume_backend():293] resuming backend
2022-01-24 12:13:11,279 INFO    MainThread:35257 [wandb_init.py:_pause_backend():284] pausing backend
2022-01-24 12:13:11,279 INFO    MainThread:35257 [jupyter.py:save_ipynb():374] not saving jupyter notebook
2022-01-24 12:13:11,439 INFO    MainThread:35257 [wandb_init.py:_resume_backend():293] resuming backend
2022-01-24 12:13:11,440 INFO    MainThread:35257 [wandb_init.py:_pause_backend():284] pausing backend
2022-01-24 12:13:11,440 INFO    MainThread:35257 [jupyter.py:save_ipynb():374] not saving jupyter notebook
2022-01-24 12:13:11,621 INFO    MainThread:35257 [wandb_init.py:_resume_backend():293] resuming backend
2022-01-24 12:13:11,622 INFO    MainThread:35257 [wandb_init.py:_pause_backend():284] pausing backend
2022-01-24 12:13:11,622 INFO    MainThread:35257 [jupyter.py:save_ipynb():374] not saving jupyter notebook
2022-01-24 12:13:11,824 INFO    MainThread:35257 [wandb_init.py:_resume_backend():293] resuming backend
2022-01-24 12:13:11,825 INFO    MainThread:35257 [wandb_init.py:_pause_backend():284] pausing backend
2022-01-24 12:13:11,825 INFO    MainThread:35257 [jupyter.py:save_ipynb():374] not saving jupyter notebook
2022-01-24 12:13:12,146 INFO    MainThread:35257 [wandb_init.py:_resume_backend():293] resuming backend
2022-01-24 12:13:12,147 INFO    MainThread:35257 [wandb_init.py:_pause_backend():284] pausing backend
2022-01-24 12:13:12,147 INFO    MainThread:35257 [jupyter.py:save_ipynb():374] not saving jupyter notebook
2022-01-24 12:13:12,632 INFO    MainThread:35257 [wandb_init.py:_resume_backend():293] resuming backend
2022-01-24 12:13:12,634 INFO    MainThread:35257 [wandb_init.py:_pause_backend():284] pausing backend
2022-01-24 12:13:12,634 INFO    MainThread:35257 [jupyter.py:save_ipynb():374] not saving jupyter notebook
2022-01-24 12:13:12,993 INFO    MainThread:35257 [wandb_init.py:_resume_backend():293] resuming backend
2022-01-24 12:13:12,993 INFO    MainThread:35257 [wandb_init.py:_pause_backend():284] pausing backend
2022-01-24 12:13:12,994 INFO    MainThread:35257 [jupyter.py:save_ipynb():374] not saving jupyter notebook
2022-01-24 12:13:13,314 INFO    MainThread:35257 [wandb_init.py:_resume_backend():293] resuming backend
2022-01-24 12:13:13,315 INFO    MainThread:35257 [wandb_init.py:_pause_backend():284] pausing backend
2022-01-24 12:13:13,315 INFO    MainThread:35257 [jupyter.py:save_ipynb():374] not saving jupyter notebook
2022-01-24 12:13:14,022 INFO    MainThread:35257 [wandb_init.py:_resume_backend():293] resuming backend
2022-01-24 12:13:14,028 INFO    MainThread:35257 [wandb_setup.py:_flush():71] setting env: {}
2022-01-24 12:13:14,028 INFO    MainThread:35257 [wandb_setup.py:_flush():71] setting login settings: {}
2022-01-24 12:13:14,028 INFO    MainThread:35257 [wandb_setup.py:_flush():71] setting login settings: {}
2022-01-24 12:13:14,028 INFO    MainThread:35257 [wandb_init.py:_log_setup():371] Logging user logs to /home/pumpkin/.git/CENG-483/hw/hw3/implementation/src/wandb/wandb/run-20220124_121314-coo5nlm5/logs/debug.log
2022-01-24 12:13:14,028 INFO    MainThread:35257 [wandb_init.py:_log_setup():372] Logging internal logs to /home/pumpkin/.git/CENG-483/hw/hw3/implementation/src/wandb/wandb/run-20220124_121314-coo5nlm5/logs/debug-internal.log
2022-01-24 12:13:14,028 INFO    MainThread:35257 [wandb_init.py:init():404] calling init triggers
2022-01-24 12:13:14,028 INFO    MainThread:35257 [wandb_init.py:init():409] wandb.init called with sweep_config: {}
config: {'epochs': 100, 'batch_size': 16, 'learning_rate': 0.001, 'architecture': 'CNN'}
2022-01-24 12:13:14,028 INFO    MainThread:35257 [wandb_init.py:init():424] re-initializing run, found existing run on stack: 3rzm8iyq
2022-01-24 12:13:14,029 INFO    MainThread:35257 [wandb_run.py:finish():1457] finishing run alpayozkan/vision/3rzm8iyq
2022-01-24 12:13:14,029 INFO    MainThread:35257 [jupyter.py:save_history():429] not saving jupyter history
2022-01-24 12:13:14,030 INFO    MainThread:35257 [jupyter.py:save_ipynb():374] not saving jupyter notebook
2022-01-24 12:13:14,030 INFO    MainThread:35257 [wandb_init.py:_jupyter_teardown():303] cleaning up jupyter logic
2022-01-24 12:13:14,030 INFO    MainThread:35257 [wandb_run.py:_atexit_cleanup():1780] got exitcode: 0
2022-01-24 12:13:14,031 INFO    MainThread:35257 [wandb_run.py:_restore():1752] restore
2022-01-24 12:13:14,913 INFO    MainThread:35257 [wandb_run.py:_wait_for_finish():1912] got exit ret: file_counts {
  wandb_count: 1
}
pusher_stats {
  uploaded_bytes: 833
  total_bytes: 833
}

2022-01-24 12:13:20,017 INFO    MainThread:35257 [wandb_run.py:_wait_for_finish():1912] got exit ret: None
2022-01-24 12:13:20,117 INFO    MainThread:35257 [wandb_run.py:_restore():1752] restore
2022-01-24 12:13:20,128 ERROR   MainThread:35257 [wandb_init.py:init():958] error
Traceback (most recent call last):
  File "/home/pumpkin/.local/lib/python3.8/site-packages/wandb/sdk/wandb_run.py", line 1788, in _atexit_cleanup
    self._on_finish()
  File "/home/pumpkin/.local/lib/python3.8/site-packages/wandb/sdk/wandb_run.py", line 1971, in _on_finish
    self._poll_exit_response = self._wait_for_finish()
  File "/home/pumpkin/.local/lib/python3.8/site-packages/wandb/sdk/wandb_run.py", line 1911, in _wait_for_finish
    poll_exit_resp = self._backend.interface.communicate_poll_exit()
  File "/home/pumpkin/.local/lib/python3.8/site-packages/wandb/sdk/interface/interface.py", line 586, in communicate_poll_exit
    resp = self._communicate_poll_exit(poll_exit)
  File "/home/pumpkin/.local/lib/python3.8/site-packages/wandb/sdk/interface/interface_shared.py", line 402, in _communicate_poll_exit
    result = self._communicate(rec)
  File "/home/pumpkin/.local/lib/python3.8/site-packages/wandb/sdk/interface/interface_shared.py", line 213, in _communicate
    return self._communicate_async(rec, local=local).get(timeout=timeout)
  File "/home/pumpkin/.local/lib/python3.8/site-packages/wandb/sdk/interface/interface_shared.py", line 218, in _communicate_async
    raise Exception("The wandb backend process has shutdown")
Exception: The wandb backend process has shutdown

During handling of the above exception, another exception occurred:

Traceback (most recent call last):
  File "/home/pumpkin/.local/lib/python3.8/site-packages/wandb/sdk/wandb_init.py", line 931, in init
    run = wi.init()
  File "/home/pumpkin/.local/lib/python3.8/site-packages/wandb/sdk/wandb_init.py", line 437, in init
    self._wl._global_run_stack[-1].finish()
  File "/home/pumpkin/.local/lib/python3.8/site-packages/wandb/sdk/wandb_run.py", line 1463, in finish
    self._atexit_cleanup(exit_code=exit_code)
  File "/home/pumpkin/.local/lib/python3.8/site-packages/wandb/sdk/wandb_run.py", line 1797, in _atexit_cleanup
    self._backend.cleanup()
  File "/home/pumpkin/.local/lib/python3.8/site-packages/wandb/sdk/backend/backend.py", line 245, in cleanup
    self.interface.join()
  File "/home/pumpkin/.local/lib/python3.8/site-packages/wandb/sdk/interface/interface_shared.py", line 458, in join
    super().join()
  File "/home/pumpkin/.local/lib/python3.8/site-packages/wandb/sdk/interface/interface.py", line 599, in join
    _ = self._communicate_shutdown()
  File "/home/pumpkin/.local/lib/python3.8/site-packages/wandb/sdk/interface/interface_shared.py", line 455, in _communicate_shutdown
    _ = self._communicate(record)
  File "/home/pumpkin/.local/lib/python3.8/site-packages/wandb/sdk/interface/interface_shared.py", line 213, in _communicate
    return self._communicate_async(rec, local=local).get(timeout=timeout)
  File "/home/pumpkin/.local/lib/python3.8/site-packages/wandb/sdk/interface/interface_shared.py", line 218, in _communicate_async
    raise Exception("The wandb backend process has shutdown")
Exception: The wandb backend process has shutdown
2022-01-24 12:13:42,178 INFO    MainThread:35257 [wandb_setup.py:_flush():71] setting env: {}
2022-01-24 12:13:42,178 INFO    MainThread:35257 [wandb_setup.py:_flush():71] setting login settings: {}
2022-01-24 12:13:42,178 INFO    MainThread:35257 [wandb_setup.py:_flush():71] setting login settings: {}
2022-01-24 12:13:42,178 INFO    MainThread:35257 [wandb_init.py:_log_setup():371] Logging user logs to /home/pumpkin/.git/CENG-483/hw/hw3/implementation/src/wandb/wandb/run-20220124_121342-kmb9ald6/logs/debug.log
2022-01-24 12:13:42,178 INFO    MainThread:35257 [wandb_init.py:_log_setup():372] Logging internal logs to /home/pumpkin/.git/CENG-483/hw/hw3/implementation/src/wandb/wandb/run-20220124_121342-kmb9ald6/logs/debug-internal.log
2022-01-24 12:13:42,178 INFO    MainThread:35257 [wandb_init.py:_jupyter_setup():321] configuring jupyter hooks <wandb.sdk.wandb_init._WandbInit object at 0x7f026c1f0730>
2022-01-24 12:13:42,179 INFO    MainThread:35257 [wandb_init.py:init():404] calling init triggers
2022-01-24 12:13:42,179 INFO    MainThread:35257 [wandb_init.py:init():409] wandb.init called with sweep_config: {}
config: {'epochs': 100, 'batch_size': 16, 'learning_rate': 0.001, 'architecture': 'CNN'}
2022-01-24 12:13:42,179 INFO    MainThread:35257 [wandb_init.py:init():424] re-initializing run, found existing run on stack: 3rzm8iyq
2022-01-24 12:13:42,179 INFO    MainThread:35257 [wandb_run.py:finish():1457] finishing run alpayozkan/vision/3rzm8iyq
2022-01-24 12:13:42,180 INFO    MainThread:35257 [jupyter.py:save_history():429] not saving jupyter history
2022-01-24 12:13:42,180 INFO    MainThread:35257 [jupyter.py:save_ipynb():374] not saving jupyter notebook
2022-01-24 12:13:42,180 INFO    MainThread:35257 [wandb_init.py:_jupyter_teardown():303] cleaning up jupyter logic
