2022-01-24 12:11:14,577 INFO    MainThread:35288 [internal.py:wandb_internal():87] W&B internal server running at pid: 35288, started at: 2022-01-24 12:11:14.577089
2022-01-24 12:11:14,578 DEBUG   HandlerThread:35288 [handler.py:handle_request():130] handle_request: check_version
2022-01-24 12:11:14,579 DEBUG   SenderThread:35288 [sender.py:send():234] send: header
2022-01-24 12:11:14,579 INFO    WriterThread:35288 [datastore.py:open_for_write():77] open: /home/pumpkin/.git/CENG-483/hw/hw3/implementation/src/wandb/wandb/run-20220124_121114-3rzm8iyq/run-3rzm8iyq.wandb
2022-01-24 12:11:14,579 DEBUG   SenderThread:35288 [sender.py:send_request():248] send_request: check_version
2022-01-24 12:11:14,841 DEBUG   SenderThread:35288 [sender.py:send():234] send: run
2022-01-24 12:11:15,105 INFO    SenderThread:35288 [dir_watcher.py:__init__():169] watching files in: /home/pumpkin/.git/CENG-483/hw/hw3/implementation/src/wandb/wandb/run-20220124_121114-3rzm8iyq/files
2022-01-24 12:11:15,105 INFO    SenderThread:35288 [sender.py:_start_run_threads():804] run started: 3rzm8iyq with start time 1643015474
2022-01-24 12:11:15,105 DEBUG   SenderThread:35288 [sender.py:send():234] send: summary
2022-01-24 12:11:15,105 INFO    SenderThread:35288 [sender.py:_save_file():939] saving file wandb-summary.json with policy end
2022-01-24 12:11:15,106 DEBUG   HandlerThread:35288 [handler.py:handle_request():130] handle_request: run_start
2022-01-24 12:11:15,933 DEBUG   HandlerThread:35288 [meta.py:__init__():40] meta init
2022-01-24 12:11:15,933 DEBUG   HandlerThread:35288 [meta.py:__init__():54] meta init done
2022-01-24 12:11:15,933 DEBUG   HandlerThread:35288 [meta.py:probe():214] probe
2022-01-24 12:11:15,939 DEBUG   HandlerThread:35288 [meta.py:_setup_git():204] setup git
2022-01-24 12:11:15,954 DEBUG   HandlerThread:35288 [meta.py:_setup_git():211] setup git done
2022-01-24 12:11:15,954 DEBUG   HandlerThread:35288 [meta.py:_save_pip():58] save pip
2022-01-24 12:11:15,955 DEBUG   HandlerThread:35288 [meta.py:_save_pip():72] save pip done
2022-01-24 12:11:15,955 DEBUG   HandlerThread:35288 [meta.py:_save_conda():79] save conda
2022-01-24 12:11:16,106 INFO    Thread-8  :35288 [dir_watcher.py:_on_file_created():217] file/dir created: /home/pumpkin/.git/CENG-483/hw/hw3/implementation/src/wandb/wandb/run-20220124_121114-3rzm8iyq/files/conda-environment.yaml
2022-01-24 12:11:16,106 INFO    Thread-8  :35288 [dir_watcher.py:_on_file_created():217] file/dir created: /home/pumpkin/.git/CENG-483/hw/hw3/implementation/src/wandb/wandb/run-20220124_121114-3rzm8iyq/files/requirements.txt
2022-01-24 12:11:16,106 INFO    Thread-8  :35288 [dir_watcher.py:_on_file_created():217] file/dir created: /home/pumpkin/.git/CENG-483/hw/hw3/implementation/src/wandb/wandb/run-20220124_121114-3rzm8iyq/files/wandb-summary.json
2022-01-24 12:11:17,953 DEBUG   HandlerThread:35288 [meta.py:_save_conda():89] save conda done
2022-01-24 12:11:17,953 DEBUG   HandlerThread:35288 [meta.py:probe():252] probe done
2022-01-24 12:11:17,955 DEBUG   SenderThread:35288 [sender.py:send():234] send: files
2022-01-24 12:11:17,955 INFO    SenderThread:35288 [sender.py:_save_file():939] saving file wandb-metadata.json with policy now
2022-01-24 12:11:17,959 DEBUG   HandlerThread:35288 [handler.py:handle_request():130] handle_request: stop_status
2022-01-24 12:11:17,959 DEBUG   SenderThread:35288 [sender.py:send_request():248] send_request: stop_status
2022-01-24 12:11:18,107 INFO    Thread-8  :35288 [dir_watcher.py:_on_file_modified():230] file/dir modified: /home/pumpkin/.git/CENG-483/hw/hw3/implementation/src/wandb/wandb/run-20220124_121114-3rzm8iyq/files/conda-environment.yaml
2022-01-24 12:11:18,107 INFO    Thread-8  :35288 [dir_watcher.py:_on_file_created():217] file/dir created: /home/pumpkin/.git/CENG-483/hw/hw3/implementation/src/wandb/wandb/run-20220124_121114-3rzm8iyq/files/wandb-metadata.json
2022-01-24 12:11:18,108 INFO    Thread-8  :35288 [dir_watcher.py:_on_file_created():217] file/dir created: /home/pumpkin/.git/CENG-483/hw/hw3/implementation/src/wandb/wandb/run-20220124_121114-3rzm8iyq/files/output.log
2022-01-24 12:11:18,699 INFO    Thread-11 :35288 [upload_job.py:push():137] Uploaded file /tmp/tmpbe2yc9dwwandb/2xja2qx8-wandb-metadata.json
2022-01-24 12:11:22,108 INFO    Thread-8  :35288 [dir_watcher.py:_on_file_modified():230] file/dir modified: /home/pumpkin/.git/CENG-483/hw/hw3/implementation/src/wandb/wandb/run-20220124_121114-3rzm8iyq/files/output.log
2022-01-24 12:11:25,758 DEBUG   SenderThread:35288 [sender.py:send():234] send: history
2022-01-24 12:11:25,759 DEBUG   SenderThread:35288 [sender.py:send():234] send: summary
2022-01-24 12:11:25,762 INFO    SenderThread:35288 [sender.py:_save_file():939] saving file wandb-summary.json with policy end
2022-01-24 12:11:26,109 INFO    Thread-8  :35288 [dir_watcher.py:_on_file_modified():230] file/dir modified: /home/pumpkin/.git/CENG-483/hw/hw3/implementation/src/wandb/wandb/run-20220124_121114-3rzm8iyq/files/wandb-summary.json
2022-01-24 12:11:28,110 INFO    Thread-8  :35288 [dir_watcher.py:_on_file_modified():230] file/dir modified: /home/pumpkin/.git/CENG-483/hw/hw3/implementation/src/wandb/wandb/run-20220124_121114-3rzm8iyq/files/output.log
2022-01-24 12:11:33,196 DEBUG   HandlerThread:35288 [handler.py:handle_request():130] handle_request: stop_status
2022-01-24 12:11:33,197 DEBUG   SenderThread:35288 [sender.py:send_request():248] send_request: stop_status
2022-01-24 12:11:33,679 DEBUG   SenderThread:35288 [sender.py:send():234] send: history
2022-01-24 12:11:33,680 DEBUG   SenderThread:35288 [sender.py:send():234] send: summary
2022-01-24 12:11:33,683 INFO    SenderThread:35288 [sender.py:_save_file():939] saving file wandb-summary.json with policy end
2022-01-24 12:11:34,111 INFO    Thread-8  :35288 [dir_watcher.py:_on_file_modified():230] file/dir modified: /home/pumpkin/.git/CENG-483/hw/hw3/implementation/src/wandb/wandb/run-20220124_121114-3rzm8iyq/files/wandb-summary.json
2022-01-24 12:11:36,111 INFO    Thread-8  :35288 [dir_watcher.py:_on_file_modified():230] file/dir modified: /home/pumpkin/.git/CENG-483/hw/hw3/implementation/src/wandb/wandb/run-20220124_121114-3rzm8iyq/files/output.log
2022-01-24 12:11:42,409 DEBUG   SenderThread:35288 [sender.py:send():234] send: history
2022-01-24 12:11:42,410 DEBUG   SenderThread:35288 [sender.py:send():234] send: summary
2022-01-24 12:11:42,413 INFO    SenderThread:35288 [sender.py:_save_file():939] saving file wandb-summary.json with policy end
2022-01-24 12:11:43,113 INFO    Thread-8  :35288 [dir_watcher.py:_on_file_modified():230] file/dir modified: /home/pumpkin/.git/CENG-483/hw/hw3/implementation/src/wandb/wandb/run-20220124_121114-3rzm8iyq/files/wandb-summary.json
2022-01-24 12:11:44,113 INFO    Thread-8  :35288 [dir_watcher.py:_on_file_modified():230] file/dir modified: /home/pumpkin/.git/CENG-483/hw/hw3/implementation/src/wandb/wandb/run-20220124_121114-3rzm8iyq/files/output.log
2022-01-24 12:11:44,188 DEBUG   SenderThread:35288 [sender.py:send():234] send: stats
2022-01-24 12:11:48,458 DEBUG   HandlerThread:35288 [handler.py:handle_request():130] handle_request: stop_status
2022-01-24 12:11:48,459 DEBUG   SenderThread:35288 [sender.py:send_request():248] send_request: stop_status
2022-01-24 12:11:51,253 DEBUG   SenderThread:35288 [sender.py:send():234] send: history
2022-01-24 12:11:51,255 DEBUG   SenderThread:35288 [sender.py:send():234] send: summary
2022-01-24 12:11:51,257 INFO    SenderThread:35288 [sender.py:_save_file():939] saving file wandb-summary.json with policy end
2022-01-24 12:11:52,115 INFO    Thread-8  :35288 [dir_watcher.py:_on_file_modified():230] file/dir modified: /home/pumpkin/.git/CENG-483/hw/hw3/implementation/src/wandb/wandb/run-20220124_121114-3rzm8iyq/files/output.log
2022-01-24 12:11:52,115 INFO    Thread-8  :35288 [dir_watcher.py:_on_file_modified():230] file/dir modified: /home/pumpkin/.git/CENG-483/hw/hw3/implementation/src/wandb/wandb/run-20220124_121114-3rzm8iyq/files/wandb-summary.json
2022-01-24 12:12:00,032 DEBUG   SenderThread:35288 [sender.py:send():234] send: history
2022-01-24 12:12:00,033 DEBUG   SenderThread:35288 [sender.py:send():234] send: summary
2022-01-24 12:12:00,036 INFO    SenderThread:35288 [sender.py:_save_file():939] saving file wandb-summary.json with policy end
2022-01-24 12:12:00,117 INFO    Thread-8  :35288 [dir_watcher.py:_on_file_modified():230] file/dir modified: /home/pumpkin/.git/CENG-483/hw/hw3/implementation/src/wandb/wandb/run-20220124_121114-3rzm8iyq/files/wandb-summary.json
2022-01-24 12:12:02,117 INFO    Thread-8  :35288 [dir_watcher.py:_on_file_modified():230] file/dir modified: /home/pumpkin/.git/CENG-483/hw/hw3/implementation/src/wandb/wandb/run-20220124_121114-3rzm8iyq/files/output.log
2022-01-24 12:12:03,698 DEBUG   HandlerThread:35288 [handler.py:handle_request():130] handle_request: stop_status
2022-01-24 12:12:03,698 DEBUG   SenderThread:35288 [sender.py:send_request():248] send_request: stop_status
2022-01-24 12:12:08,422 DEBUG   SenderThread:35288 [sender.py:send():234] send: history
2022-01-24 12:12:08,423 DEBUG   SenderThread:35288 [sender.py:send():234] send: summary
2022-01-24 12:12:08,425 INFO    SenderThread:35288 [sender.py:_save_file():939] saving file wandb-summary.json with policy end
2022-01-24 12:12:09,119 INFO    Thread-8  :35288 [dir_watcher.py:_on_file_modified():230] file/dir modified: /home/pumpkin/.git/CENG-483/hw/hw3/implementation/src/wandb/wandb/run-20220124_121114-3rzm8iyq/files/wandb-summary.json
2022-01-24 12:12:10,119 INFO    Thread-8  :35288 [dir_watcher.py:_on_file_modified():230] file/dir modified: /home/pumpkin/.git/CENG-483/hw/hw3/implementation/src/wandb/wandb/run-20220124_121114-3rzm8iyq/files/output.log
2022-01-24 12:12:14,381 DEBUG   SenderThread:35288 [sender.py:send():234] send: stats
2022-01-24 12:12:16,848 DEBUG   SenderThread:35288 [sender.py:send():234] send: history
2022-01-24 12:12:16,849 DEBUG   SenderThread:35288 [sender.py:send():234] send: summary
2022-01-24 12:12:16,851 INFO    SenderThread:35288 [sender.py:_save_file():939] saving file wandb-summary.json with policy end
2022-01-24 12:12:17,120 INFO    Thread-8  :35288 [dir_watcher.py:_on_file_modified():230] file/dir modified: /home/pumpkin/.git/CENG-483/hw/hw3/implementation/src/wandb/wandb/run-20220124_121114-3rzm8iyq/files/wandb-summary.json
2022-01-24 12:12:18,121 INFO    Thread-8  :35288 [dir_watcher.py:_on_file_modified():230] file/dir modified: /home/pumpkin/.git/CENG-483/hw/hw3/implementation/src/wandb/wandb/run-20220124_121114-3rzm8iyq/files/output.log
2022-01-24 12:12:18,949 DEBUG   HandlerThread:35288 [handler.py:handle_request():130] handle_request: stop_status
2022-01-24 12:12:18,949 DEBUG   SenderThread:35288 [sender.py:send_request():248] send_request: stop_status
2022-01-24 12:12:25,746 DEBUG   SenderThread:35288 [sender.py:send():234] send: history
2022-01-24 12:12:25,748 DEBUG   SenderThread:35288 [sender.py:send():234] send: summary
2022-01-24 12:12:25,750 INFO    SenderThread:35288 [sender.py:_save_file():939] saving file wandb-summary.json with policy end
2022-01-24 12:12:26,122 INFO    Thread-8  :35288 [dir_watcher.py:_on_file_modified():230] file/dir modified: /home/pumpkin/.git/CENG-483/hw/hw3/implementation/src/wandb/wandb/run-20220124_121114-3rzm8iyq/files/output.log
2022-01-24 12:12:26,122 INFO    Thread-8  :35288 [dir_watcher.py:_on_file_modified():230] file/dir modified: /home/pumpkin/.git/CENG-483/hw/hw3/implementation/src/wandb/wandb/run-20220124_121114-3rzm8iyq/files/wandb-summary.json
2022-01-24 12:12:34,184 DEBUG   HandlerThread:35288 [handler.py:handle_request():130] handle_request: stop_status
2022-01-24 12:12:34,185 DEBUG   SenderThread:35288 [sender.py:send_request():248] send_request: stop_status
2022-01-24 12:12:34,571 DEBUG   SenderThread:35288 [sender.py:send():234] send: history
2022-01-24 12:12:34,572 DEBUG   SenderThread:35288 [sender.py:send():234] send: summary
2022-01-24 12:12:34,574 INFO    SenderThread:35288 [sender.py:_save_file():939] saving file wandb-summary.json with policy end
2022-01-24 12:12:35,124 INFO    Thread-8  :35288 [dir_watcher.py:_on_file_modified():230] file/dir modified: /home/pumpkin/.git/CENG-483/hw/hw3/implementation/src/wandb/wandb/run-20220124_121114-3rzm8iyq/files/wandb-summary.json
2022-01-24 12:12:36,124 INFO    Thread-8  :35288 [dir_watcher.py:_on_file_modified():230] file/dir modified: /home/pumpkin/.git/CENG-483/hw/hw3/implementation/src/wandb/wandb/run-20220124_121114-3rzm8iyq/files/output.log
2022-01-24 12:12:38,721 WARNING MainThread:35288 [internal.py:wandb_internal():146] Internal process interrupt: 1
2022-01-24 12:12:40,175 DEBUG   HandlerThread:35288 [handler.py:handle_request():130] handle_request: pause
2022-01-24 12:12:40,175 INFO    HandlerThread:35288 [handler.py:handle_request_pause():612] stopping system metrics thread
2022-01-24 12:12:40,251 DEBUG   SenderThread:35288 [sender.py:send():234] send: stats
2022-01-24 12:12:49,417 DEBUG   HandlerThread:35288 [handler.py:handle_request():130] handle_request: stop_status
2022-01-24 12:12:49,417 DEBUG   SenderThread:35288 [sender.py:send_request():248] send_request: stop_status
2022-01-24 12:13:04,651 DEBUG   HandlerThread:35288 [handler.py:handle_request():130] handle_request: stop_status
2022-01-24 12:13:04,651 DEBUG   SenderThread:35288 [sender.py:send_request():248] send_request: stop_status
2022-01-24 12:13:08,967 DEBUG   HandlerThread:35288 [handler.py:handle_request():130] handle_request: resume
2022-01-24 12:13:08,967 INFO    HandlerThread:35288 [handler.py:handle_request_resume():603] starting system metrics thread
2022-01-24 12:13:08,967 DEBUG   HandlerThread:35288 [handler.py:handle_request():130] handle_request: pause
2022-01-24 12:13:08,967 INFO    HandlerThread:35288 [handler.py:handle_request_pause():612] stopping system metrics thread
2022-01-24 12:13:08,989 DEBUG   SenderThread:35288 [sender.py:send():234] send: stats
2022-01-24 12:13:09,545 DEBUG   HandlerThread:35288 [handler.py:handle_request():130] handle_request: resume
2022-01-24 12:13:09,545 INFO    HandlerThread:35288 [handler.py:handle_request_resume():603] starting system metrics thread
2022-01-24 12:13:09,546 DEBUG   HandlerThread:35288 [handler.py:handle_request():130] handle_request: pause
2022-01-24 12:13:09,546 INFO    HandlerThread:35288 [handler.py:handle_request_pause():612] stopping system metrics thread
2022-01-24 12:13:09,565 DEBUG   SenderThread:35288 [sender.py:send():234] send: stats
2022-01-24 12:13:10,132 INFO    Thread-8  :35288 [dir_watcher.py:_on_file_modified():230] file/dir modified: /home/pumpkin/.git/CENG-483/hw/hw3/implementation/src/wandb/wandb/run-20220124_121114-3rzm8iyq/files/output.log
2022-01-24 12:13:10,296 DEBUG   HandlerThread:35288 [handler.py:handle_request():130] handle_request: resume
2022-01-24 12:13:10,296 INFO    HandlerThread:35288 [handler.py:handle_request_resume():603] starting system metrics thread
2022-01-24 12:13:10,296 DEBUG   HandlerThread:35288 [handler.py:handle_request():130] handle_request: pause
2022-01-24 12:13:10,296 INFO    HandlerThread:35288 [handler.py:handle_request_pause():612] stopping system metrics thread
2022-01-24 12:13:10,319 DEBUG   SenderThread:35288 [sender.py:send():234] send: stats
2022-01-24 12:13:10,756 DEBUG   HandlerThread:35288 [handler.py:handle_request():130] handle_request: resume
2022-01-24 12:13:10,756 INFO    HandlerThread:35288 [handler.py:handle_request_resume():603] starting system metrics thread
2022-01-24 12:13:10,756 DEBUG   HandlerThread:35288 [handler.py:handle_request():130] handle_request: pause
2022-01-24 12:13:10,756 INFO    HandlerThread:35288 [handler.py:handle_request_pause():612] stopping system metrics thread
2022-01-24 12:13:10,779 DEBUG   SenderThread:35288 [sender.py:send():234] send: stats
2022-01-24 12:13:11,118 DEBUG   HandlerThread:35288 [handler.py:handle_request():130] handle_request: resume
2022-01-24 12:13:11,118 INFO    HandlerThread:35288 [handler.py:handle_request_resume():603] starting system metrics thread
2022-01-24 12:13:11,120 DEBUG   HandlerThread:35288 [handler.py:handle_request():130] handle_request: pause
2022-01-24 12:13:11,120 INFO    HandlerThread:35288 [handler.py:handle_request_pause():612] stopping system metrics thread
2022-01-24 12:13:11,139 DEBUG   SenderThread:35288 [sender.py:send():234] send: stats
2022-01-24 12:13:11,280 DEBUG   HandlerThread:35288 [handler.py:handle_request():130] handle_request: resume
2022-01-24 12:13:11,280 INFO    HandlerThread:35288 [handler.py:handle_request_resume():603] starting system metrics thread
2022-01-24 12:13:11,280 DEBUG   HandlerThread:35288 [handler.py:handle_request():130] handle_request: pause
2022-01-24 12:13:11,280 INFO    HandlerThread:35288 [handler.py:handle_request_pause():612] stopping system metrics thread
2022-01-24 12:13:11,300 DEBUG   SenderThread:35288 [sender.py:send():234] send: stats
2022-01-24 12:13:11,440 DEBUG   HandlerThread:35288 [handler.py:handle_request():130] handle_request: resume
2022-01-24 12:13:11,440 INFO    HandlerThread:35288 [handler.py:handle_request_resume():603] starting system metrics thread
2022-01-24 12:13:11,440 DEBUG   HandlerThread:35288 [handler.py:handle_request():130] handle_request: pause
2022-01-24 12:13:11,441 INFO    HandlerThread:35288 [handler.py:handle_request_pause():612] stopping system metrics thread
2022-01-24 12:13:11,461 DEBUG   SenderThread:35288 [sender.py:send():234] send: stats
2022-01-24 12:13:11,622 DEBUG   HandlerThread:35288 [handler.py:handle_request():130] handle_request: resume
2022-01-24 12:13:11,622 INFO    HandlerThread:35288 [handler.py:handle_request_resume():603] starting system metrics thread
2022-01-24 12:13:11,623 DEBUG   HandlerThread:35288 [handler.py:handle_request():130] handle_request: pause
2022-01-24 12:13:11,623 INFO    HandlerThread:35288 [handler.py:handle_request_pause():612] stopping system metrics thread
2022-01-24 12:13:11,642 DEBUG   SenderThread:35288 [sender.py:send():234] send: stats
2022-01-24 12:13:11,825 DEBUG   HandlerThread:35288 [handler.py:handle_request():130] handle_request: resume
2022-01-24 12:13:11,825 INFO    HandlerThread:35288 [handler.py:handle_request_resume():603] starting system metrics thread
2022-01-24 12:13:11,826 DEBUG   HandlerThread:35288 [handler.py:handle_request():130] handle_request: pause
2022-01-24 12:13:11,826 INFO    HandlerThread:35288 [handler.py:handle_request_pause():612] stopping system metrics thread
2022-01-24 12:13:11,844 DEBUG   SenderThread:35288 [sender.py:send():234] send: stats
2022-01-24 12:13:12,132 INFO    Thread-8  :35288 [dir_watcher.py:_on_file_modified():230] file/dir modified: /home/pumpkin/.git/CENG-483/hw/hw3/implementation/src/wandb/wandb/run-20220124_121114-3rzm8iyq/files/output.log
2022-01-24 12:13:12,148 DEBUG   HandlerThread:35288 [handler.py:handle_request():130] handle_request: resume
2022-01-24 12:13:12,148 INFO    HandlerThread:35288 [handler.py:handle_request_resume():603] starting system metrics thread
2022-01-24 12:13:12,148 DEBUG   HandlerThread:35288 [handler.py:handle_request():130] handle_request: pause
2022-01-24 12:13:12,148 INFO    HandlerThread:35288 [handler.py:handle_request_pause():612] stopping system metrics thread
2022-01-24 12:13:12,167 DEBUG   SenderThread:35288 [sender.py:send():234] send: stats
2022-01-24 12:13:12,635 DEBUG   HandlerThread:35288 [handler.py:handle_request():130] handle_request: resume
2022-01-24 12:13:12,635 INFO    HandlerThread:35288 [handler.py:handle_request_resume():603] starting system metrics thread
2022-01-24 12:13:12,635 DEBUG   HandlerThread:35288 [handler.py:handle_request():130] handle_request: pause
2022-01-24 12:13:12,635 INFO    HandlerThread:35288 [handler.py:handle_request_pause():612] stopping system metrics thread
2022-01-24 12:13:12,655 DEBUG   SenderThread:35288 [sender.py:send():234] send: stats
2022-01-24 12:13:12,994 DEBUG   HandlerThread:35288 [handler.py:handle_request():130] handle_request: resume
2022-01-24 12:13:12,994 INFO    HandlerThread:35288 [handler.py:handle_request_resume():603] starting system metrics thread
2022-01-24 12:13:12,995 DEBUG   HandlerThread:35288 [handler.py:handle_request():130] handle_request: pause
2022-01-24 12:13:12,995 INFO    HandlerThread:35288 [handler.py:handle_request_pause():612] stopping system metrics thread
2022-01-24 12:13:13,014 DEBUG   SenderThread:35288 [sender.py:send():234] send: stats
2022-01-24 12:13:13,316 DEBUG   HandlerThread:35288 [handler.py:handle_request():130] handle_request: resume
2022-01-24 12:13:13,316 INFO    HandlerThread:35288 [handler.py:handle_request_resume():603] starting system metrics thread
2022-01-24 12:13:13,316 DEBUG   HandlerThread:35288 [handler.py:handle_request():130] handle_request: pause
2022-01-24 12:13:13,316 INFO    HandlerThread:35288 [handler.py:handle_request_pause():612] stopping system metrics thread
2022-01-24 12:13:13,338 DEBUG   SenderThread:35288 [sender.py:send():234] send: stats
2022-01-24 12:13:14,026 DEBUG   HandlerThread:35288 [handler.py:handle_request():130] handle_request: resume
2022-01-24 12:13:14,027 INFO    HandlerThread:35288 [handler.py:handle_request_resume():603] starting system metrics thread
2022-01-24 12:13:14,034 DEBUG   SenderThread:35288 [sender.py:send():234] send: history
2022-01-24 12:13:14,035 DEBUG   SenderThread:35288 [sender.py:send():234] send: summary
2022-01-24 12:13:14,037 INFO    SenderThread:35288 [sender.py:_save_file():939] saving file wandb-summary.json with policy end
2022-01-24 12:13:14,133 INFO    Thread-8  :35288 [dir_watcher.py:_on_file_modified():230] file/dir modified: /home/pumpkin/.git/CENG-483/hw/hw3/implementation/src/wandb/wandb/run-20220124_121114-3rzm8iyq/files/wandb-summary.json
2022-01-24 12:13:14,911 DEBUG   HandlerThread:35288 [handler.py:handle_request():130] handle_request: poll_exit
2022-01-24 12:13:14,911 DEBUG   SenderThread:35288 [sender.py:send():234] send: telemetry
2022-01-24 12:13:14,911 DEBUG   SenderThread:35288 [sender.py:send():234] send: exit
2022-01-24 12:13:14,912 INFO    SenderThread:35288 [sender.py:send_exit():366] handling exit code: 0
2022-01-24 12:13:14,912 INFO    SenderThread:35288 [sender.py:send_exit():368] handling runtime: 86
2022-01-24 12:13:14,913 INFO    SenderThread:35288 [sender.py:_save_file():939] saving file wandb-summary.json with policy end
2022-01-24 12:13:14,913 INFO    SenderThread:35288 [sender.py:send_exit():374] send defer
2022-01-24 12:13:14,913 DEBUG   SenderThread:35288 [sender.py:send_request():248] send_request: poll_exit
2022-01-24 12:13:14,913 DEBUG   HandlerThread:35288 [handler.py:handle_request():130] handle_request: defer
2022-01-24 12:13:14,913 INFO    HandlerThread:35288 [handler.py:handle_request_defer():147] handle defer: 0
2022-01-24 12:13:14,913 DEBUG   SenderThread:35288 [sender.py:send_request():248] send_request: defer
2022-01-24 12:13:14,913 INFO    SenderThread:35288 [sender.py:send_request_defer():383] handle sender defer: 0
2022-01-24 12:13:14,913 INFO    SenderThread:35288 [sender.py:transition_state():387] send defer: 1
2022-01-24 12:13:14,914 DEBUG   HandlerThread:35288 [handler.py:handle_request():130] handle_request: defer
2022-01-24 12:13:14,914 INFO    HandlerThread:35288 [handler.py:handle_request_defer():147] handle defer: 1
2022-01-24 12:13:14,955 DEBUG   SenderThread:35288 [sender.py:send_request():248] send_request: defer
2022-01-24 12:13:14,955 INFO    SenderThread:35288 [sender.py:send_request_defer():383] handle sender defer: 1
2022-01-24 12:13:14,955 INFO    SenderThread:35288 [sender.py:transition_state():387] send defer: 2
2022-01-24 12:13:14,955 DEBUG   SenderThread:35288 [sender.py:send():234] send: stats
2022-01-24 12:13:14,955 DEBUG   HandlerThread:35288 [handler.py:handle_request():130] handle_request: defer
2022-01-24 12:13:14,955 INFO    HandlerThread:35288 [handler.py:handle_request_defer():147] handle defer: 2
2022-01-24 12:13:14,955 DEBUG   SenderThread:35288 [sender.py:send_request():248] send_request: defer
2022-01-24 12:13:14,955 INFO    SenderThread:35288 [sender.py:send_request_defer():383] handle sender defer: 2
2022-01-24 12:13:14,955 INFO    SenderThread:35288 [sender.py:transition_state():387] send defer: 3
2022-01-24 12:13:14,956 DEBUG   HandlerThread:35288 [handler.py:handle_request():130] handle_request: defer
2022-01-24 12:13:14,956 INFO    HandlerThread:35288 [handler.py:handle_request_defer():147] handle defer: 3
2022-01-24 12:13:14,956 DEBUG   SenderThread:35288 [sender.py:send():234] send: summary
2022-01-24 12:13:14,958 INFO    SenderThread:35288 [sender.py:_save_file():939] saving file wandb-summary.json with policy end
2022-01-24 12:13:14,959 DEBUG   SenderThread:35288 [sender.py:send_request():248] send_request: defer
2022-01-24 12:13:14,959 INFO    SenderThread:35288 [sender.py:send_request_defer():383] handle sender defer: 3
2022-01-24 12:13:14,959 INFO    SenderThread:35288 [sender.py:transition_state():387] send defer: 4
2022-01-24 12:13:14,959 DEBUG   HandlerThread:35288 [handler.py:handle_request():130] handle_request: defer
2022-01-24 12:13:14,959 INFO    HandlerThread:35288 [handler.py:handle_request_defer():147] handle defer: 4
2022-01-24 12:13:14,959 DEBUG   SenderThread:35288 [sender.py:send_request():248] send_request: defer
2022-01-24 12:13:14,959 INFO    SenderThread:35288 [sender.py:send_request_defer():383] handle sender defer: 4
2022-01-24 12:13:15,017 DEBUG   HandlerThread:35288 [handler.py:handle_request():130] handle_request: poll_exit
2022-01-24 12:13:15,133 INFO    Thread-8  :35288 [dir_watcher.py:_on_file_modified():230] file/dir modified: /home/pumpkin/.git/CENG-483/hw/hw3/implementation/src/wandb/wandb/run-20220124_121114-3rzm8iyq/files/output.log
2022-01-24 12:13:15,133 INFO    Thread-8  :35288 [dir_watcher.py:_on_file_modified():230] file/dir modified: /home/pumpkin/.git/CENG-483/hw/hw3/implementation/src/wandb/wandb/run-20220124_121114-3rzm8iyq/files/wandb-summary.json
2022-01-24 12:13:15,202 ERROR   SenderThread:35288 [internal_api.py:execute():144] 409 response executing GraphQL.
2022-01-24 12:13:15,202 ERROR   SenderThread:35288 [internal_api.py:execute():145] {"errors":[{"message":"Error 1062: Duplicate entry '665310-3rzm8iyq' for key 'PRIMARY'","path":["upsertBucket"]}],"data":{"upsertBucket":null}}
2022-01-24 12:13:15,962 INFO    WriterThread:35288 [datastore.py:close():281] close: /home/pumpkin/.git/CENG-483/hw/hw3/implementation/src/wandb/wandb/run-20220124_121114-3rzm8iyq/run-3rzm8iyq.wandb
2022-01-24 12:13:16,018 INFO    HandlerThread:35288 [handler.py:finish():731] shutting down handler
2022-01-24 12:13:16,018 ERROR   MainThread:35288 [internal.py:wandb_internal():158] Thread SenderThread:
Traceback (most recent call last):
  File "/home/pumpkin/.local/lib/python3.8/site-packages/wandb/apis/normalize.py", line 24, in wrapper
    return func(*args, **kwargs)
  File "/home/pumpkin/.local/lib/python3.8/site-packages/wandb/sdk/internal/internal_api.py", line 1298, in upsert_run
    response = self.gql(mutation, variable_values=variable_values, **kwargs)
  File "/home/pumpkin/.local/lib/python3.8/site-packages/wandb/sdk/lib/retry.py", line 102, in __call__
    result = self._call_fn(*args, **kwargs)
  File "/home/pumpkin/.local/lib/python3.8/site-packages/wandb/sdk/internal/internal_api.py", line 147, in execute
    six.reraise(*sys.exc_info())
  File "/home/pumpkin/anaconda3/envs/483/lib/python3.8/site-packages/six.py", line 719, in reraise
    raise value
  File "/home/pumpkin/.local/lib/python3.8/site-packages/wandb/sdk/internal/internal_api.py", line 141, in execute
    return self.client.execute(*args, **kwargs)
  File "/home/pumpkin/.local/lib/python3.8/site-packages/wandb/vendor/gql-0.2.0/gql/client.py", line 52, in execute
    result = self._get_result(document, *args, **kwargs)
  File "/home/pumpkin/.local/lib/python3.8/site-packages/wandb/vendor/gql-0.2.0/gql/client.py", line 60, in _get_result
    return self.transport.execute(document, *args, **kwargs)
  File "/home/pumpkin/.local/lib/python3.8/site-packages/wandb/vendor/gql-0.2.0/gql/transport/requests.py", line 39, in execute
    request.raise_for_status()
  File "/home/pumpkin/anaconda3/envs/483/lib/python3.8/site-packages/requests/models.py", line 960, in raise_for_status
    raise HTTPError(http_error_msg, response=self)
requests.exceptions.HTTPError: 409 Client Error: Conflict for url: https://api.wandb.ai/graphql

During handling of the above exception, another exception occurred:

Traceback (most recent call last):
  File "/home/pumpkin/.local/lib/python3.8/site-packages/wandb/sdk/internal/internal_util.py", line 52, in run
    self._run()
  File "/home/pumpkin/.local/lib/python3.8/site-packages/wandb/sdk/internal/internal_util.py", line 102, in _run
    self._process(record)
  File "/home/pumpkin/.local/lib/python3.8/site-packages/wandb/sdk/internal/internal.py", line 291, in _process
    self._sm.send(record)
  File "/home/pumpkin/.local/lib/python3.8/site-packages/wandb/sdk/internal/sender.py", line 236, in send
    send_handler(record)
  File "/home/pumpkin/.local/lib/python3.8/site-packages/wandb/sdk/internal/sender.py", line 250, in send_request
    send_handler(record)
  File "/home/pumpkin/.local/lib/python3.8/site-packages/wandb/sdk/internal/sender.py", line 403, in send_request_defer
    self.debounce()
  File "/home/pumpkin/.local/lib/python3.8/site-packages/wandb/sdk/internal/sender.py", line 315, in debounce
    self._debounce_config()
  File "/home/pumpkin/.local/lib/python3.8/site-packages/wandb/sdk/internal/sender.py", line 321, in _debounce_config
    self._api.upsert_run(
  File "/home/pumpkin/.local/lib/python3.8/site-packages/wandb/apis/normalize.py", line 26, in wrapper
    raise CommError(err.response, err)
wandb.errors.CommError: <Response [409]>
2022-01-24 12:13:18,032 INFO    MainThread:35288 [internal.py:handle_exit():77] Internal process exited
