2022-01-30 16:07:17,807 INFO    MainThread:86126 [internal.py:wandb_internal():87] W&B internal server running at pid: 86126, started at: 2022-01-30 16:07:17.807788
2022-01-30 16:07:17,809 DEBUG   HandlerThread:86126 [handler.py:handle_request():130] handle_request: check_version
2022-01-30 16:07:17,809 INFO    WriterThread:86126 [datastore.py:open_for_write():77] open: /home/pumpkin/.git/CENG-483/hw/hw3/implementation/src/wandb/wandb/run-20220130_160717-3f6ovnp1/run-3f6ovnp1.wandb
2022-01-30 16:07:17,810 DEBUG   SenderThread:86126 [sender.py:send():234] send: header
2022-01-30 16:07:17,810 DEBUG   SenderThread:86126 [sender.py:send_request():248] send_request: check_version
2022-01-30 16:07:18,080 DEBUG   SenderThread:86126 [sender.py:send():234] send: run
2022-01-30 16:07:18,376 INFO    SenderThread:86126 [dir_watcher.py:__init__():169] watching files in: /home/pumpkin/.git/CENG-483/hw/hw3/implementation/src/wandb/wandb/run-20220130_160717-3f6ovnp1/files
2022-01-30 16:07:18,376 INFO    SenderThread:86126 [sender.py:_start_run_threads():804] run started: 3f6ovnp1 with start time 1643548037
2022-01-30 16:07:18,377 DEBUG   SenderThread:86126 [sender.py:send():234] send: summary
2022-01-30 16:07:18,377 INFO    SenderThread:86126 [sender.py:_save_file():939] saving file wandb-summary.json with policy end
2022-01-30 16:07:18,380 DEBUG   HandlerThread:86126 [handler.py:handle_request():130] handle_request: run_start
2022-01-30 16:07:19,215 DEBUG   HandlerThread:86126 [meta.py:__init__():40] meta init
2022-01-30 16:07:19,215 DEBUG   HandlerThread:86126 [meta.py:__init__():54] meta init done
2022-01-30 16:07:19,215 DEBUG   HandlerThread:86126 [meta.py:probe():214] probe
2022-01-30 16:07:19,221 DEBUG   HandlerThread:86126 [meta.py:_setup_git():204] setup git
2022-01-30 16:07:19,242 DEBUG   HandlerThread:86126 [meta.py:_setup_git():211] setup git done
2022-01-30 16:07:19,242 DEBUG   HandlerThread:86126 [meta.py:_save_pip():58] save pip
2022-01-30 16:07:19,243 DEBUG   HandlerThread:86126 [meta.py:_save_pip():72] save pip done
2022-01-30 16:07:19,243 DEBUG   HandlerThread:86126 [meta.py:_save_conda():79] save conda
2022-01-30 16:07:19,377 INFO    Thread-8  :86126 [dir_watcher.py:_on_file_created():217] file/dir created: /home/pumpkin/.git/CENG-483/hw/hw3/implementation/src/wandb/wandb/run-20220130_160717-3f6ovnp1/files/wandb-summary.json
2022-01-30 16:07:19,377 INFO    Thread-8  :86126 [dir_watcher.py:_on_file_created():217] file/dir created: /home/pumpkin/.git/CENG-483/hw/hw3/implementation/src/wandb/wandb/run-20220130_160717-3f6ovnp1/files/requirements.txt
2022-01-30 16:07:19,377 INFO    Thread-8  :86126 [dir_watcher.py:_on_file_created():217] file/dir created: /home/pumpkin/.git/CENG-483/hw/hw3/implementation/src/wandb/wandb/run-20220130_160717-3f6ovnp1/files/conda-environment.yaml
2022-01-30 16:07:21,283 DEBUG   HandlerThread:86126 [meta.py:_save_conda():89] save conda done
2022-01-30 16:07:21,283 DEBUG   HandlerThread:86126 [meta.py:probe():252] probe done
2022-01-30 16:07:21,285 DEBUG   SenderThread:86126 [sender.py:send():234] send: files
2022-01-30 16:07:21,285 INFO    SenderThread:86126 [sender.py:_save_file():939] saving file wandb-metadata.json with policy now
2022-01-30 16:07:21,288 DEBUG   HandlerThread:86126 [handler.py:handle_request():130] handle_request: stop_status
2022-01-30 16:07:21,288 DEBUG   SenderThread:86126 [sender.py:send_request():248] send_request: stop_status
2022-01-30 16:07:21,376 INFO    Thread-8  :86126 [dir_watcher.py:_on_file_modified():230] file/dir modified: /home/pumpkin/.git/CENG-483/hw/hw3/implementation/src/wandb/wandb/run-20220130_160717-3f6ovnp1/files/conda-environment.yaml
2022-01-30 16:07:21,377 INFO    Thread-8  :86126 [dir_watcher.py:_on_file_created():217] file/dir created: /home/pumpkin/.git/CENG-483/hw/hw3/implementation/src/wandb/wandb/run-20220130_160717-3f6ovnp1/files/output.log
2022-01-30 16:07:21,377 INFO    Thread-8  :86126 [dir_watcher.py:_on_file_created():217] file/dir created: /home/pumpkin/.git/CENG-483/hw/hw3/implementation/src/wandb/wandb/run-20220130_160717-3f6ovnp1/files/wandb-metadata.json
2022-01-30 16:07:21,991 INFO    Thread-11 :86126 [upload_job.py:push():137] Uploaded file /tmp/tmpc7v811uowandb/16vcvb97-wandb-metadata.json
2022-01-30 16:07:23,377 INFO    Thread-8  :86126 [dir_watcher.py:_on_file_modified():230] file/dir modified: /home/pumpkin/.git/CENG-483/hw/hw3/implementation/src/wandb/wandb/run-20220130_160717-3f6ovnp1/files/output.log
2022-01-30 16:07:26,994 DEBUG   HandlerThread:86126 [handler.py:handle_request():130] handle_request: pause
2022-01-30 16:07:26,994 INFO    HandlerThread:86126 [handler.py:handle_request_pause():612] stopping system metrics thread
2022-01-30 16:07:27,122 DEBUG   SenderThread:86126 [sender.py:send():234] send: stats
2022-01-30 16:07:29,380 INFO    Thread-8  :86126 [dir_watcher.py:_on_file_modified():230] file/dir modified: /home/pumpkin/.git/CENG-483/hw/hw3/implementation/src/wandb/wandb/run-20220130_160717-3f6ovnp1/files/output.log
2022-01-30 16:07:36,525 DEBUG   HandlerThread:86126 [handler.py:handle_request():130] handle_request: stop_status
2022-01-30 16:07:36,525 DEBUG   SenderThread:86126 [sender.py:send_request():248] send_request: stop_status
2022-01-30 16:07:51,788 DEBUG   HandlerThread:86126 [handler.py:handle_request():130] handle_request: stop_status
2022-01-30 16:07:51,788 DEBUG   SenderThread:86126 [sender.py:send_request():248] send_request: stop_status
2022-01-30 16:08:07,045 DEBUG   HandlerThread:86126 [handler.py:handle_request():130] handle_request: stop_status
2022-01-30 16:08:07,046 DEBUG   SenderThread:86126 [sender.py:send_request():248] send_request: stop_status
2022-01-30 16:08:22,293 DEBUG   HandlerThread:86126 [handler.py:handle_request():130] handle_request: stop_status
2022-01-30 16:08:22,294 DEBUG   SenderThread:86126 [sender.py:send_request():248] send_request: stop_status
2022-01-30 16:08:37,552 DEBUG   HandlerThread:86126 [handler.py:handle_request():130] handle_request: stop_status
2022-01-30 16:08:37,553 DEBUG   SenderThread:86126 [sender.py:send_request():248] send_request: stop_status
2022-01-30 16:08:52,811 DEBUG   HandlerThread:86126 [handler.py:handle_request():130] handle_request: stop_status
2022-01-30 16:08:52,811 DEBUG   SenderThread:86126 [sender.py:send_request():248] send_request: stop_status
2022-01-30 16:09:08,056 DEBUG   HandlerThread:86126 [handler.py:handle_request():130] handle_request: stop_status
2022-01-30 16:09:08,057 DEBUG   SenderThread:86126 [sender.py:send_request():248] send_request: stop_status
2022-01-30 16:09:23,370 DEBUG   HandlerThread:86126 [handler.py:handle_request():130] handle_request: stop_status
2022-01-30 16:09:23,370 DEBUG   SenderThread:86126 [sender.py:send_request():248] send_request: stop_status
2022-01-30 16:09:38,632 DEBUG   HandlerThread:86126 [handler.py:handle_request():130] handle_request: stop_status
2022-01-30 16:09:38,632 DEBUG   SenderThread:86126 [sender.py:send_request():248] send_request: stop_status
2022-01-30 16:09:53,884 DEBUG   HandlerThread:86126 [handler.py:handle_request():130] handle_request: stop_status
2022-01-30 16:09:53,884 DEBUG   SenderThread:86126 [sender.py:send_request():248] send_request: stop_status
2022-01-30 16:10:09,142 DEBUG   HandlerThread:86126 [handler.py:handle_request():130] handle_request: stop_status
2022-01-30 16:10:09,143 DEBUG   SenderThread:86126 [sender.py:send_request():248] send_request: stop_status
2022-01-30 16:10:24,388 DEBUG   HandlerThread:86126 [handler.py:handle_request():130] handle_request: stop_status
2022-01-30 16:10:24,389 DEBUG   SenderThread:86126 [sender.py:send_request():248] send_request: stop_status
2022-01-30 16:10:30,278 DEBUG   HandlerThread:86126 [handler.py:handle_request():130] handle_request: resume
2022-01-30 16:10:30,278 INFO    HandlerThread:86126 [handler.py:handle_request_resume():603] starting system metrics thread
2022-01-30 16:10:30,278 DEBUG   HandlerThread:86126 [handler.py:handle_request():130] handle_request: pause
2022-01-30 16:10:30,278 INFO    HandlerThread:86126 [handler.py:handle_request_pause():612] stopping system metrics thread
2022-01-30 16:10:30,298 DEBUG   SenderThread:86126 [sender.py:send():234] send: stats
2022-01-30 16:10:39,650 DEBUG   HandlerThread:86126 [handler.py:handle_request():130] handle_request: stop_status
2022-01-30 16:10:39,651 DEBUG   SenderThread:86126 [sender.py:send_request():248] send_request: stop_status
2022-01-30 16:10:54,904 DEBUG   HandlerThread:86126 [handler.py:handle_request():130] handle_request: stop_status
2022-01-30 16:10:54,905 DEBUG   SenderThread:86126 [sender.py:send_request():248] send_request: stop_status
2022-01-30 16:11:10,167 DEBUG   HandlerThread:86126 [handler.py:handle_request():130] handle_request: stop_status
2022-01-30 16:11:10,167 DEBUG   SenderThread:86126 [sender.py:send_request():248] send_request: stop_status
2022-01-30 16:11:25,402 DEBUG   HandlerThread:86126 [handler.py:handle_request():130] handle_request: stop_status
2022-01-30 16:11:25,403 DEBUG   SenderThread:86126 [sender.py:send_request():248] send_request: stop_status
2022-01-30 16:11:40,664 DEBUG   HandlerThread:86126 [handler.py:handle_request():130] handle_request: stop_status
2022-01-30 16:11:40,664 DEBUG   SenderThread:86126 [sender.py:send_request():248] send_request: stop_status
2022-01-30 16:11:55,916 DEBUG   HandlerThread:86126 [handler.py:handle_request():130] handle_request: stop_status
2022-01-30 16:11:55,917 DEBUG   SenderThread:86126 [sender.py:send_request():248] send_request: stop_status
2022-01-30 16:12:11,179 DEBUG   HandlerThread:86126 [handler.py:handle_request():130] handle_request: stop_status
2022-01-30 16:12:11,179 DEBUG   SenderThread:86126 [sender.py:send_request():248] send_request: stop_status
2022-01-30 16:12:26,427 DEBUG   HandlerThread:86126 [handler.py:handle_request():130] handle_request: stop_status
2022-01-30 16:12:26,428 DEBUG   SenderThread:86126 [sender.py:send_request():248] send_request: stop_status
2022-01-30 16:12:41,690 DEBUG   HandlerThread:86126 [handler.py:handle_request():130] handle_request: stop_status
2022-01-30 16:12:41,690 DEBUG   SenderThread:86126 [sender.py:send_request():248] send_request: stop_status
2022-01-30 16:12:56,937 DEBUG   HandlerThread:86126 [handler.py:handle_request():130] handle_request: stop_status
2022-01-30 16:12:56,938 DEBUG   SenderThread:86126 [sender.py:send_request():248] send_request: stop_status
2022-01-30 16:13:12,210 DEBUG   HandlerThread:86126 [handler.py:handle_request():130] handle_request: stop_status
2022-01-30 16:13:12,211 DEBUG   SenderThread:86126 [sender.py:send_request():248] send_request: stop_status
2022-01-30 16:13:27,476 DEBUG   HandlerThread:86126 [handler.py:handle_request():130] handle_request: stop_status
2022-01-30 16:13:27,477 DEBUG   SenderThread:86126 [sender.py:send_request():248] send_request: stop_status
2022-01-30 16:13:42,738 DEBUG   HandlerThread:86126 [handler.py:handle_request():130] handle_request: stop_status
2022-01-30 16:13:42,739 DEBUG   SenderThread:86126 [sender.py:send_request():248] send_request: stop_status
2022-01-30 16:13:57,987 DEBUG   HandlerThread:86126 [handler.py:handle_request():130] handle_request: stop_status
2022-01-30 16:13:57,987 DEBUG   SenderThread:86126 [sender.py:send_request():248] send_request: stop_status
2022-01-30 16:14:13,315 DEBUG   HandlerThread:86126 [handler.py:handle_request():130] handle_request: stop_status
2022-01-30 16:14:13,315 DEBUG   SenderThread:86126 [sender.py:send_request():248] send_request: stop_status
2022-01-30 16:14:28,622 DEBUG   HandlerThread:86126 [handler.py:handle_request():130] handle_request: stop_status
2022-01-30 16:14:28,623 DEBUG   SenderThread:86126 [sender.py:send_request():248] send_request: stop_status
2022-01-30 16:14:43,881 DEBUG   HandlerThread:86126 [handler.py:handle_request():130] handle_request: stop_status
2022-01-30 16:14:43,881 DEBUG   SenderThread:86126 [sender.py:send_request():248] send_request: stop_status
2022-01-30 16:14:59,147 DEBUG   HandlerThread:86126 [handler.py:handle_request():130] handle_request: stop_status
2022-01-30 16:14:59,147 DEBUG   SenderThread:86126 [sender.py:send_request():248] send_request: stop_status
2022-01-30 16:15:14,406 DEBUG   HandlerThread:86126 [handler.py:handle_request():130] handle_request: stop_status
2022-01-30 16:15:14,406 DEBUG   SenderThread:86126 [sender.py:send_request():248] send_request: stop_status
2022-01-30 16:15:29,662 DEBUG   HandlerThread:86126 [handler.py:handle_request():130] handle_request: stop_status
2022-01-30 16:15:29,662 DEBUG   SenderThread:86126 [sender.py:send_request():248] send_request: stop_status
2022-01-30 16:15:44,908 DEBUG   HandlerThread:86126 [handler.py:handle_request():130] handle_request: stop_status
2022-01-30 16:15:44,909 DEBUG   SenderThread:86126 [sender.py:send_request():248] send_request: stop_status
2022-01-30 16:16:00,173 DEBUG   HandlerThread:86126 [handler.py:handle_request():130] handle_request: stop_status
2022-01-30 16:16:00,173 DEBUG   SenderThread:86126 [sender.py:send_request():248] send_request: stop_status
2022-01-30 16:16:04,713 DEBUG   SenderThread:86126 [sender.py:send():234] send: history
2022-01-30 16:16:04,717 DEBUG   SenderThread:86126 [sender.py:send():234] send: summary
2022-01-30 16:16:04,726 INFO    SenderThread:86126 [sender.py:_save_file():939] saving file wandb-summary.json with policy end
2022-01-30 16:16:05,373 DEBUG   HandlerThread:86126 [handler.py:handle_request():130] handle_request: poll_exit
2022-01-30 16:16:05,373 DEBUG   SenderThread:86126 [sender.py:send():234] send: telemetry
2022-01-30 16:16:05,374 DEBUG   SenderThread:86126 [sender.py:send():234] send: exit
2022-01-30 16:16:05,374 INFO    SenderThread:86126 [sender.py:send_exit():366] handling exit code: 0
2022-01-30 16:16:05,374 INFO    SenderThread:86126 [sender.py:send_exit():368] handling runtime: 8
2022-01-30 16:16:05,375 INFO    SenderThread:86126 [sender.py:_save_file():939] saving file wandb-summary.json with policy end
2022-01-30 16:16:05,376 INFO    SenderThread:86126 [sender.py:send_exit():374] send defer
2022-01-30 16:16:05,376 DEBUG   SenderThread:86126 [sender.py:send_request():248] send_request: poll_exit
2022-01-30 16:16:05,376 DEBUG   HandlerThread:86126 [handler.py:handle_request():130] handle_request: defer
2022-01-30 16:16:05,377 INFO    HandlerThread:86126 [handler.py:handle_request_defer():147] handle defer: 0
2022-01-30 16:16:05,377 DEBUG   SenderThread:86126 [sender.py:send_request():248] send_request: defer
2022-01-30 16:16:05,377 INFO    SenderThread:86126 [sender.py:send_request_defer():383] handle sender defer: 0
2022-01-30 16:16:05,377 INFO    SenderThread:86126 [sender.py:transition_state():387] send defer: 1
2022-01-30 16:16:05,377 DEBUG   HandlerThread:86126 [handler.py:handle_request():130] handle_request: defer
2022-01-30 16:16:05,378 INFO    HandlerThread:86126 [handler.py:handle_request_defer():147] handle defer: 1
2022-01-30 16:16:05,378 DEBUG   SenderThread:86126 [sender.py:send_request():248] send_request: defer
2022-01-30 16:16:05,378 INFO    SenderThread:86126 [sender.py:send_request_defer():383] handle sender defer: 1
2022-01-30 16:16:05,378 INFO    SenderThread:86126 [sender.py:transition_state():387] send defer: 2
2022-01-30 16:16:05,378 DEBUG   HandlerThread:86126 [handler.py:handle_request():130] handle_request: defer
2022-01-30 16:16:05,378 INFO    HandlerThread:86126 [handler.py:handle_request_defer():147] handle defer: 2
2022-01-30 16:16:05,379 DEBUG   SenderThread:86126 [sender.py:send_request():248] send_request: defer
2022-01-30 16:16:05,379 INFO    SenderThread:86126 [sender.py:send_request_defer():383] handle sender defer: 2
2022-01-30 16:16:05,379 INFO    SenderThread:86126 [sender.py:transition_state():387] send defer: 3
2022-01-30 16:16:05,379 DEBUG   HandlerThread:86126 [handler.py:handle_request():130] handle_request: defer
2022-01-30 16:16:05,379 INFO    HandlerThread:86126 [handler.py:handle_request_defer():147] handle defer: 3
2022-01-30 16:16:05,381 DEBUG   SenderThread:86126 [sender.py:send():234] send: summary
2022-01-30 16:16:05,383 INFO    SenderThread:86126 [sender.py:_save_file():939] saving file wandb-summary.json with policy end
2022-01-30 16:16:05,383 DEBUG   SenderThread:86126 [sender.py:send_request():248] send_request: defer
2022-01-30 16:16:05,383 INFO    SenderThread:86126 [sender.py:send_request_defer():383] handle sender defer: 3
2022-01-30 16:16:05,383 INFO    SenderThread:86126 [sender.py:transition_state():387] send defer: 4
2022-01-30 16:16:05,384 DEBUG   HandlerThread:86126 [handler.py:handle_request():130] handle_request: defer
2022-01-30 16:16:05,384 INFO    HandlerThread:86126 [handler.py:handle_request_defer():147] handle defer: 4
2022-01-30 16:16:05,384 DEBUG   SenderThread:86126 [sender.py:send_request():248] send_request: defer
2022-01-30 16:16:05,384 INFO    SenderThread:86126 [sender.py:send_request_defer():383] handle sender defer: 4
2022-01-30 16:16:05,484 DEBUG   HandlerThread:86126 [handler.py:handle_request():130] handle_request: poll_exit
2022-01-30 16:16:05,658 ERROR   SenderThread:86126 [internal_api.py:execute():144] 409 response executing GraphQL.
2022-01-30 16:16:05,658 ERROR   SenderThread:86126 [internal_api.py:execute():145] {"errors":[{"message":"Error 1062: Duplicate entry '665310-3f6ovnp1' for key 'PRIMARY'","path":["upsertBucket"]}],"data":{"upsertBucket":null}}
2022-01-30 16:16:05,669 INFO    Thread-8  :86126 [dir_watcher.py:_on_file_modified():230] file/dir modified: /home/pumpkin/.git/CENG-483/hw/hw3/implementation/src/wandb/wandb/run-20220130_160717-3f6ovnp1/files/wandb-summary.json
2022-01-30 16:16:05,669 INFO    Thread-8  :86126 [dir_watcher.py:_on_file_modified():230] file/dir modified: /home/pumpkin/.git/CENG-483/hw/hw3/implementation/src/wandb/wandb/run-20220130_160717-3f6ovnp1/files/output.log
2022-01-30 16:16:06,383 INFO    WriterThread:86126 [datastore.py:close():281] close: /home/pumpkin/.git/CENG-483/hw/hw3/implementation/src/wandb/wandb/run-20220130_160717-3f6ovnp1/run-3f6ovnp1.wandb
2022-01-30 16:16:06,484 INFO    HandlerThread:86126 [handler.py:finish():731] shutting down handler
2022-01-30 16:16:06,485 ERROR   MainThread:86126 [internal.py:wandb_internal():158] Thread SenderThread:
Traceback (most recent call last):
  File "/home/pumpkin/.local/lib/python3.8/site-packages/wandb/apis/normalize.py", line 24, in wrapper
    return func(*args, **kwargs)
  File "/home/pumpkin/.local/lib/python3.8/site-packages/wandb/sdk/internal/internal_api.py", line 1298, in upsert_run
    response = self.gql(mutation, variable_values=variable_values, **kwargs)
  File "/home/pumpkin/.local/lib/python3.8/site-packages/wandb/sdk/lib/retry.py", line 102, in __call__
    result = self._call_fn(*args, **kwargs)
  File "/home/pumpkin/.local/lib/python3.8/site-packages/wandb/sdk/internal/internal_api.py", line 147, in execute
    six.reraise(*sys.exc_info())
  File "/home/pumpkin/anaconda3/envs/483/lib/python3.8/site-packages/six.py", line 719, in reraise
    raise value
  File "/home/pumpkin/.local/lib/python3.8/site-packages/wandb/sdk/internal/internal_api.py", line 141, in execute
    return self.client.execute(*args, **kwargs)
  File "/home/pumpkin/.local/lib/python3.8/site-packages/wandb/vendor/gql-0.2.0/gql/client.py", line 52, in execute
    result = self._get_result(document, *args, **kwargs)
  File "/home/pumpkin/.local/lib/python3.8/site-packages/wandb/vendor/gql-0.2.0/gql/client.py", line 60, in _get_result
    return self.transport.execute(document, *args, **kwargs)
  File "/home/pumpkin/.local/lib/python3.8/site-packages/wandb/vendor/gql-0.2.0/gql/transport/requests.py", line 39, in execute
    request.raise_for_status()
  File "/home/pumpkin/anaconda3/envs/483/lib/python3.8/site-packages/requests/models.py", line 960, in raise_for_status
    raise HTTPError(http_error_msg, response=self)
requests.exceptions.HTTPError: 409 Client Error: Conflict for url: https://api.wandb.ai/graphql

During handling of the above exception, another exception occurred:

Traceback (most recent call last):
  File "/home/pumpkin/.local/lib/python3.8/site-packages/wandb/sdk/internal/internal_util.py", line 52, in run
    self._run()
  File "/home/pumpkin/.local/lib/python3.8/site-packages/wandb/sdk/internal/internal_util.py", line 102, in _run
    self._process(record)
  File "/home/pumpkin/.local/lib/python3.8/site-packages/wandb/sdk/internal/internal.py", line 291, in _process
    self._sm.send(record)
  File "/home/pumpkin/.local/lib/python3.8/site-packages/wandb/sdk/internal/sender.py", line 236, in send
    send_handler(record)
  File "/home/pumpkin/.local/lib/python3.8/site-packages/wandb/sdk/internal/sender.py", line 250, in send_request
    send_handler(record)
  File "/home/pumpkin/.local/lib/python3.8/site-packages/wandb/sdk/internal/sender.py", line 403, in send_request_defer
    self.debounce()
  File "/home/pumpkin/.local/lib/python3.8/site-packages/wandb/sdk/internal/sender.py", line 315, in debounce
    self._debounce_config()
  File "/home/pumpkin/.local/lib/python3.8/site-packages/wandb/sdk/internal/sender.py", line 321, in _debounce_config
    self._api.upsert_run(
  File "/home/pumpkin/.local/lib/python3.8/site-packages/wandb/apis/normalize.py", line 26, in wrapper
    raise CommError(err.response, err)
wandb.errors.CommError: <Response [409]>
2022-01-30 16:16:08,518 INFO    MainThread:86126 [internal.py:handle_exit():77] Internal process exited
