2022-01-24 16:27:37,943 INFO    MainThread:49393 [wandb_setup.py:_flush():71] setting env: {}
2022-01-24 16:27:37,943 INFO    MainThread:49393 [wandb_setup.py:_flush():71] setting login settings: {}
2022-01-24 16:27:37,943 INFO    MainThread:49393 [wandb_setup.py:_flush():71] setting login settings: {}
2022-01-24 16:27:37,943 INFO    MainThread:49393 [wandb_init.py:_log_setup():371] Logging user logs to /home/pumpkin/.git/CENG-483/hw/hw3/implementation/src/wandb/wandb/run-20220124_162737-1cn2tw3a/logs/debug.log
2022-01-24 16:27:37,943 INFO    MainThread:49393 [wandb_init.py:_log_setup():372] Logging internal logs to /home/pumpkin/.git/CENG-483/hw/hw3/implementation/src/wandb/wandb/run-20220124_162737-1cn2tw3a/logs/debug-internal.log
2022-01-24 16:27:37,943 INFO    MainThread:49393 [wandb_init.py:_jupyter_setup():321] configuring jupyter hooks <wandb.sdk.wandb_init._WandbInit object at 0x7fa4a0295c40>
2022-01-24 16:27:37,944 INFO    MainThread:49393 [wandb_init.py:init():404] calling init triggers
2022-01-24 16:27:37,944 INFO    MainThread:49393 [wandb_init.py:init():409] wandb.init called with sweep_config: {}
config: {'epochs': 100, 'batch_size': 16, 'learning_rate': 0.001, 'architecture': 'CNN'}
2022-01-24 16:27:37,944 INFO    MainThread:49393 [wandb_init.py:init():460] starting backend
2022-01-24 16:27:37,944 INFO    MainThread:49393 [backend.py:_multiprocessing_setup():99] multiprocessing start_methods=fork,spawn,forkserver, using: spawn
2022-01-24 16:27:37,950 INFO    MainThread:49393 [backend.py:ensure_launched():216] starting backend process...
2022-01-24 16:27:37,955 INFO    MainThread:49393 [backend.py:ensure_launched():221] started backend process with pid: 49669
2022-01-24 16:27:37,956 INFO    MainThread:49393 [wandb_init.py:init():469] backend started and connected
2022-01-24 16:27:37,969 INFO    MainThread:49393 [wandb_run.py:_label_probe_notebook():911] probe notebook
2022-01-24 16:27:37,969 INFO    MainThread:49393 [wandb_init.py:init():533] updated telemetry
2022-01-24 16:27:38,017 INFO    MainThread:49393 [wandb_init.py:init():563] communicating current version
2022-01-24 16:27:38,767 INFO    MainThread:49393 [wandb_init.py:init():568] got version response 
2022-01-24 16:27:38,767 INFO    MainThread:49393 [wandb_init.py:init():578] communicating run to backend with 30 second timeout
2022-01-24 16:27:39,045 INFO    MainThread:49393 [wandb_init.py:init():606] starting run threads in backend
2022-01-24 16:27:41,984 INFO    MainThread:49393 [wandb_run.py:_console_start():1810] atexit reg
2022-01-24 16:27:41,985 INFO    MainThread:49393 [wandb_run.py:_redirect():1684] redirect: SettingsConsole.WRAP
2022-01-24 16:27:41,985 INFO    MainThread:49393 [wandb_run.py:_redirect():1721] Wrapping output streams.
2022-01-24 16:27:41,986 INFO    MainThread:49393 [wandb_run.py:_redirect():1745] Redirects installed.
2022-01-24 16:27:41,986 INFO    MainThread:49393 [wandb_init.py:init():633] run started, returning control to user process
2022-01-24 16:27:44,469 INFO    MainThread:49393 [wandb_watch.py:watch():43] Watching
2022-01-24 16:27:44,596 INFO    MainThread:49393 [wandb_init.py:_pause_backend():284] pausing backend
2022-01-24 16:27:44,596 INFO    MainThread:49393 [jupyter.py:save_ipynb():374] not saving jupyter notebook
2022-01-24 16:28:16,317 INFO    MainThread:49393 [wandb_init.py:_resume_backend():293] resuming backend
2022-01-24 16:28:16,326 INFO    MainThread:49393 [wandb_init.py:_pause_backend():284] pausing backend
2022-01-24 16:28:16,326 INFO    MainThread:49393 [jupyter.py:save_ipynb():374] not saving jupyter notebook
2022-01-24 16:28:16,336 INFO    MainThread:49393 [wandb_init.py:_resume_backend():293] resuming backend
2022-01-24 16:28:16,341 INFO    MainThread:49393 [wandb_init.py:_pause_backend():284] pausing backend
2022-01-24 16:28:16,341 INFO    MainThread:49393 [jupyter.py:save_ipynb():374] not saving jupyter notebook
2022-01-24 16:28:16,349 INFO    MainThread:49393 [wandb_init.py:_resume_backend():293] resuming backend
2022-01-24 16:28:16,353 INFO    MainThread:49393 [wandb_init.py:_pause_backend():284] pausing backend
2022-01-24 16:28:16,354 INFO    MainThread:49393 [jupyter.py:save_ipynb():374] not saving jupyter notebook
2022-01-24 16:28:16,361 INFO    MainThread:49393 [wandb_init.py:_resume_backend():293] resuming backend
2022-01-24 16:28:16,366 INFO    MainThread:49393 [wandb_init.py:_pause_backend():284] pausing backend
2022-01-24 16:28:16,367 INFO    MainThread:49393 [jupyter.py:save_ipynb():374] not saving jupyter notebook
2022-01-24 16:28:16,374 INFO    MainThread:49393 [wandb_init.py:_resume_backend():293] resuming backend
2022-01-24 16:28:16,380 INFO    MainThread:49393 [wandb_init.py:_pause_backend():284] pausing backend
2022-01-24 16:28:16,380 INFO    MainThread:49393 [jupyter.py:save_ipynb():374] not saving jupyter notebook
2022-01-24 16:28:16,386 INFO    MainThread:49393 [wandb_init.py:_resume_backend():293] resuming backend
2022-01-24 16:28:16,392 INFO    MainThread:49393 [wandb_init.py:_pause_backend():284] pausing backend
2022-01-24 16:28:16,392 INFO    MainThread:49393 [jupyter.py:save_ipynb():374] not saving jupyter notebook
2022-01-24 16:28:16,407 INFO    MainThread:49393 [wandb_init.py:_resume_backend():293] resuming backend
2022-01-24 16:28:16,412 INFO    MainThread:49393 [wandb_init.py:_pause_backend():284] pausing backend
2022-01-24 16:28:16,412 INFO    MainThread:49393 [jupyter.py:save_ipynb():374] not saving jupyter notebook
2022-01-24 16:28:16,419 INFO    MainThread:49393 [wandb_init.py:_resume_backend():293] resuming backend
2022-01-24 16:28:16,425 INFO    MainThread:49393 [wandb_init.py:_pause_backend():284] pausing backend
2022-01-24 16:28:16,425 INFO    MainThread:49393 [jupyter.py:save_ipynb():374] not saving jupyter notebook
2022-01-24 16:28:16,432 INFO    MainThread:49393 [wandb_init.py:_resume_backend():293] resuming backend
2022-01-24 16:28:16,436 INFO    MainThread:49393 [wandb_init.py:_pause_backend():284] pausing backend
2022-01-24 16:28:16,436 INFO    MainThread:49393 [jupyter.py:save_ipynb():374] not saving jupyter notebook
2022-01-24 16:28:16,443 INFO    MainThread:49393 [wandb_init.py:_resume_backend():293] resuming backend
2022-01-24 16:28:16,447 INFO    MainThread:49393 [wandb_init.py:_pause_backend():284] pausing backend
2022-01-24 16:28:16,447 INFO    MainThread:49393 [jupyter.py:save_ipynb():374] not saving jupyter notebook
2022-01-24 16:28:16,454 INFO    MainThread:49393 [wandb_init.py:_resume_backend():293] resuming backend
2022-01-24 16:28:16,460 INFO    MainThread:49393 [wandb_init.py:_pause_backend():284] pausing backend
2022-01-24 16:28:16,461 INFO    MainThread:49393 [jupyter.py:save_ipynb():374] not saving jupyter notebook
2022-01-24 16:28:16,468 INFO    MainThread:49393 [wandb_init.py:_resume_backend():293] resuming backend
2022-01-24 16:28:16,473 INFO    MainThread:49393 [wandb_init.py:_pause_backend():284] pausing backend
2022-01-24 16:28:16,473 INFO    MainThread:49393 [jupyter.py:save_ipynb():374] not saving jupyter notebook
2022-01-24 16:28:16,484 INFO    MainThread:49393 [wandb_init.py:_resume_backend():293] resuming backend
2022-01-24 16:28:16,489 INFO    MainThread:49393 [wandb_init.py:_pause_backend():284] pausing backend
2022-01-24 16:28:16,489 INFO    MainThread:49393 [jupyter.py:save_ipynb():374] not saving jupyter notebook
2022-01-24 16:28:16,499 INFO    MainThread:49393 [wandb_init.py:_resume_backend():293] resuming backend
2022-01-24 16:28:16,504 INFO    MainThread:49393 [wandb_init.py:_pause_backend():284] pausing backend
2022-01-24 16:28:16,504 INFO    MainThread:49393 [jupyter.py:save_ipynb():374] not saving jupyter notebook
2022-01-24 16:28:16,512 INFO    MainThread:49393 [wandb_init.py:_resume_backend():293] resuming backend
2022-01-24 16:28:16,529 INFO    MainThread:49393 [wandb_init.py:_pause_backend():284] pausing backend
2022-01-24 16:28:16,529 INFO    MainThread:49393 [jupyter.py:save_ipynb():374] not saving jupyter notebook
2022-01-24 16:28:16,538 INFO    MainThread:49393 [wandb_init.py:_resume_backend():293] resuming backend
2022-01-24 16:28:16,544 INFO    MainThread:49393 [wandb_init.py:_pause_backend():284] pausing backend
2022-01-24 16:28:16,544 INFO    MainThread:49393 [jupyter.py:save_ipynb():374] not saving jupyter notebook
2022-01-24 16:28:16,552 INFO    MainThread:49393 [wandb_init.py:_resume_backend():293] resuming backend
2022-01-24 16:28:16,562 INFO    MainThread:49393 [wandb_setup.py:_flush():71] setting env: {}
2022-01-24 16:28:16,562 INFO    MainThread:49393 [wandb_setup.py:_flush():71] setting login settings: {}
2022-01-24 16:28:16,562 INFO    MainThread:49393 [wandb_setup.py:_flush():71] setting login settings: {}
2022-01-24 16:28:16,562 INFO    MainThread:49393 [wandb_init.py:_log_setup():371] Logging user logs to /home/pumpkin/.git/CENG-483/hw/hw3/implementation/src/wandb/wandb/run-20220124_162816-2mjavvho/logs/debug.log
2022-01-24 16:28:16,562 INFO    MainThread:49393 [wandb_init.py:_log_setup():372] Logging internal logs to /home/pumpkin/.git/CENG-483/hw/hw3/implementation/src/wandb/wandb/run-20220124_162816-2mjavvho/logs/debug-internal.log
2022-01-24 16:28:16,562 INFO    MainThread:49393 [wandb_init.py:init():404] calling init triggers
2022-01-24 16:28:16,562 INFO    MainThread:49393 [wandb_init.py:init():409] wandb.init called with sweep_config: {}
config: {'epochs': 100, 'batch_size': 16, 'learning_rate': 1.0, 'architecture': 'CNN'}
2022-01-24 16:28:16,562 INFO    MainThread:49393 [wandb_init.py:init():424] re-initializing run, found existing run on stack: 1cn2tw3a
2022-01-24 16:28:16,563 INFO    MainThread:49393 [wandb_run.py:finish():1457] finishing run alpayozkan/vision/1cn2tw3a
2022-01-24 16:28:16,563 INFO    MainThread:49393 [jupyter.py:save_history():429] not saving jupyter history
2022-01-24 16:28:16,563 INFO    MainThread:49393 [jupyter.py:save_ipynb():374] not saving jupyter notebook
2022-01-24 16:28:16,563 INFO    MainThread:49393 [wandb_init.py:_jupyter_teardown():303] cleaning up jupyter logic
2022-01-24 16:28:16,564 INFO    MainThread:49393 [wandb_run.py:_atexit_cleanup():1780] got exitcode: 0
2022-01-24 16:28:16,564 INFO    MainThread:49393 [wandb_run.py:_restore():1752] restore
2022-01-24 16:28:17,535 INFO    MainThread:49393 [wandb_run.py:_restore():1752] restore
2022-01-24 16:28:17,544 ERROR   MainThread:49393 [wandb_init.py:init():958] error
Traceback (most recent call last):
  File "/home/pumpkin/.local/lib/python3.8/site-packages/wandb/sdk/wandb_run.py", line 1788, in _atexit_cleanup
    self._on_finish()
  File "/home/pumpkin/.local/lib/python3.8/site-packages/wandb/sdk/wandb_run.py", line 1963, in _on_finish
    self._backend.interface._publish_telemetry(self._telemetry_obj)
  File "/home/pumpkin/.local/lib/python3.8/site-packages/wandb/sdk/interface/interface_shared.py", line 67, in _publish_telemetry
    self._publish(rec)
  File "/home/pumpkin/.local/lib/python3.8/site-packages/wandb/sdk/interface/interface_queue.py", line 45, in _publish
    raise Exception("The wandb backend process has shutdown")
Exception: The wandb backend process has shutdown

During handling of the above exception, another exception occurred:

Traceback (most recent call last):
  File "/home/pumpkin/.local/lib/python3.8/site-packages/wandb/sdk/wandb_init.py", line 931, in init
    run = wi.init()
  File "/home/pumpkin/.local/lib/python3.8/site-packages/wandb/sdk/wandb_init.py", line 437, in init
    self._wl._global_run_stack[-1].finish()
  File "/home/pumpkin/.local/lib/python3.8/site-packages/wandb/sdk/wandb_run.py", line 1463, in finish
    self._atexit_cleanup(exit_code=exit_code)
  File "/home/pumpkin/.local/lib/python3.8/site-packages/wandb/sdk/wandb_run.py", line 1797, in _atexit_cleanup
    self._backend.cleanup()
  File "/home/pumpkin/.local/lib/python3.8/site-packages/wandb/sdk/backend/backend.py", line 245, in cleanup
    self.interface.join()
  File "/home/pumpkin/.local/lib/python3.8/site-packages/wandb/sdk/interface/interface_shared.py", line 458, in join
    super().join()
  File "/home/pumpkin/.local/lib/python3.8/site-packages/wandb/sdk/interface/interface.py", line 599, in join
    _ = self._communicate_shutdown()
  File "/home/pumpkin/.local/lib/python3.8/site-packages/wandb/sdk/interface/interface_shared.py", line 455, in _communicate_shutdown
    _ = self._communicate(record)
  File "/home/pumpkin/.local/lib/python3.8/site-packages/wandb/sdk/interface/interface_shared.py", line 213, in _communicate
    return self._communicate_async(rec, local=local).get(timeout=timeout)
  File "/home/pumpkin/.local/lib/python3.8/site-packages/wandb/sdk/interface/interface_shared.py", line 218, in _communicate_async
    raise Exception("The wandb backend process has shutdown")
Exception: The wandb backend process has shutdown
