2022-01-30 09:52:54,130 INFO    MainThread:36574 [internal.py:wandb_internal():87] W&B internal server running at pid: 36574, started at: 2022-01-30 09:52:54.130258
2022-01-30 09:52:54,131 DEBUG   HandlerThread:36574 [handler.py:handle_request():130] handle_request: check_version
2022-01-30 09:52:54,132 DEBUG   SenderThread:36574 [sender.py:send():234] send: header
2022-01-30 09:52:54,132 INFO    WriterThread:36574 [datastore.py:open_for_write():77] open: /home/pumpkin/.git/CENG-483/hw/hw3/implementation/src/wandb/wandb/run-20220130_095253-1nrqqz9a/run-1nrqqz9a.wandb
2022-01-30 09:52:54,132 DEBUG   SenderThread:36574 [sender.py:send_request():248] send_request: check_version
2022-01-30 09:52:54,421 DEBUG   SenderThread:36574 [sender.py:send():234] send: run
2022-01-30 09:52:54,713 INFO    SenderThread:36574 [dir_watcher.py:__init__():169] watching files in: /home/pumpkin/.git/CENG-483/hw/hw3/implementation/src/wandb/wandb/run-20220130_095253-1nrqqz9a/files
2022-01-30 09:52:54,713 INFO    SenderThread:36574 [sender.py:_start_run_threads():804] run started: 1nrqqz9a with start time 1643525573
2022-01-30 09:52:54,714 DEBUG   SenderThread:36574 [sender.py:send():234] send: summary
2022-01-30 09:52:54,714 INFO    SenderThread:36574 [sender.py:_save_file():939] saving file wandb-summary.json with policy end
2022-01-30 09:52:54,714 DEBUG   HandlerThread:36574 [handler.py:handle_request():130] handle_request: run_start
2022-01-30 09:52:55,492 DEBUG   HandlerThread:36574 [meta.py:__init__():40] meta init
2022-01-30 09:52:55,492 DEBUG   HandlerThread:36574 [meta.py:__init__():54] meta init done
2022-01-30 09:52:55,492 DEBUG   HandlerThread:36574 [meta.py:probe():214] probe
2022-01-30 09:52:55,498 DEBUG   HandlerThread:36574 [meta.py:_setup_git():204] setup git
2022-01-30 09:52:55,512 DEBUG   HandlerThread:36574 [meta.py:_setup_git():211] setup git done
2022-01-30 09:52:55,513 DEBUG   HandlerThread:36574 [meta.py:_save_pip():58] save pip
2022-01-30 09:52:55,513 DEBUG   HandlerThread:36574 [meta.py:_save_pip():72] save pip done
2022-01-30 09:52:55,513 DEBUG   HandlerThread:36574 [meta.py:_save_conda():79] save conda
2022-01-30 09:52:55,714 INFO    Thread-8  :36574 [dir_watcher.py:_on_file_created():217] file/dir created: /home/pumpkin/.git/CENG-483/hw/hw3/implementation/src/wandb/wandb/run-20220130_095253-1nrqqz9a/files/conda-environment.yaml
2022-01-30 09:52:55,715 INFO    Thread-8  :36574 [dir_watcher.py:_on_file_created():217] file/dir created: /home/pumpkin/.git/CENG-483/hw/hw3/implementation/src/wandb/wandb/run-20220130_095253-1nrqqz9a/files/requirements.txt
2022-01-30 09:52:55,715 INFO    Thread-8  :36574 [dir_watcher.py:_on_file_created():217] file/dir created: /home/pumpkin/.git/CENG-483/hw/hw3/implementation/src/wandb/wandb/run-20220130_095253-1nrqqz9a/files/wandb-summary.json
2022-01-30 09:52:57,478 DEBUG   HandlerThread:36574 [meta.py:_save_conda():89] save conda done
2022-01-30 09:52:57,478 DEBUG   HandlerThread:36574 [meta.py:probe():252] probe done
2022-01-30 09:52:57,480 DEBUG   SenderThread:36574 [sender.py:send():234] send: files
2022-01-30 09:52:57,480 INFO    SenderThread:36574 [sender.py:_save_file():939] saving file wandb-metadata.json with policy now
2022-01-30 09:52:57,483 DEBUG   HandlerThread:36574 [handler.py:handle_request():130] handle_request: stop_status
2022-01-30 09:52:57,483 DEBUG   SenderThread:36574 [sender.py:send_request():248] send_request: stop_status
2022-01-30 09:52:57,714 INFO    Thread-8  :36574 [dir_watcher.py:_on_file_modified():230] file/dir modified: /home/pumpkin/.git/CENG-483/hw/hw3/implementation/src/wandb/wandb/run-20220130_095253-1nrqqz9a/files/conda-environment.yaml
2022-01-30 09:52:57,714 INFO    Thread-8  :36574 [dir_watcher.py:_on_file_created():217] file/dir created: /home/pumpkin/.git/CENG-483/hw/hw3/implementation/src/wandb/wandb/run-20220130_095253-1nrqqz9a/files/output.log
2022-01-30 09:52:57,714 INFO    Thread-8  :36574 [dir_watcher.py:_on_file_created():217] file/dir created: /home/pumpkin/.git/CENG-483/hw/hw3/implementation/src/wandb/wandb/run-20220130_095253-1nrqqz9a/files/wandb-metadata.json
2022-01-30 09:52:58,364 INFO    Thread-11 :36574 [upload_job.py:push():137] Uploaded file /tmp/tmplj_ue7cdwandb/26y2kb1v-wandb-metadata.json
2022-01-30 09:52:59,412 DEBUG   HandlerThread:36574 [handler.py:handle_request():130] handle_request: pause
2022-01-30 09:52:59,412 INFO    HandlerThread:36574 [handler.py:handle_request_pause():612] stopping system metrics thread
2022-01-30 09:52:59,450 DEBUG   SenderThread:36574 [sender.py:send():234] send: stats
2022-01-30 09:53:01,716 INFO    Thread-8  :36574 [dir_watcher.py:_on_file_modified():230] file/dir modified: /home/pumpkin/.git/CENG-483/hw/hw3/implementation/src/wandb/wandb/run-20220130_095253-1nrqqz9a/files/output.log
2022-01-30 09:53:12,718 DEBUG   HandlerThread:36574 [handler.py:handle_request():130] handle_request: stop_status
2022-01-30 09:53:12,718 DEBUG   SenderThread:36574 [sender.py:send_request():248] send_request: stop_status
2022-01-30 09:53:27,966 DEBUG   HandlerThread:36574 [handler.py:handle_request():130] handle_request: stop_status
2022-01-30 09:53:27,966 DEBUG   SenderThread:36574 [sender.py:send_request():248] send_request: stop_status
2022-01-30 09:53:43,212 DEBUG   HandlerThread:36574 [handler.py:handle_request():130] handle_request: stop_status
2022-01-30 09:53:43,213 DEBUG   SenderThread:36574 [sender.py:send_request():248] send_request: stop_status
2022-01-30 09:53:58,451 DEBUG   HandlerThread:36574 [handler.py:handle_request():130] handle_request: stop_status
2022-01-30 09:53:58,452 DEBUG   SenderThread:36574 [sender.py:send_request():248] send_request: stop_status
2022-01-30 09:54:13,700 DEBUG   HandlerThread:36574 [handler.py:handle_request():130] handle_request: stop_status
2022-01-30 09:54:13,700 DEBUG   SenderThread:36574 [sender.py:send_request():248] send_request: stop_status
2022-01-30 09:54:28,955 DEBUG   HandlerThread:36574 [handler.py:handle_request():130] handle_request: stop_status
2022-01-30 09:54:28,956 DEBUG   SenderThread:36574 [sender.py:send_request():248] send_request: stop_status
2022-01-30 09:54:44,202 DEBUG   HandlerThread:36574 [handler.py:handle_request():130] handle_request: stop_status
2022-01-30 09:54:44,203 DEBUG   SenderThread:36574 [sender.py:send_request():248] send_request: stop_status
2022-01-30 09:54:59,687 DEBUG   HandlerThread:36574 [handler.py:handle_request():130] handle_request: stop_status
2022-01-30 09:54:59,688 DEBUG   SenderThread:36574 [sender.py:send_request():248] send_request: stop_status
2022-01-30 09:55:14,943 DEBUG   HandlerThread:36574 [handler.py:handle_request():130] handle_request: stop_status
2022-01-30 09:55:14,943 DEBUG   SenderThread:36574 [sender.py:send_request():248] send_request: stop_status
2022-01-30 09:55:30,192 DEBUG   HandlerThread:36574 [handler.py:handle_request():130] handle_request: stop_status
2022-01-30 09:55:30,192 DEBUG   SenderThread:36574 [sender.py:send_request():248] send_request: stop_status
2022-01-30 09:55:31,666 DEBUG   HandlerThread:36574 [handler.py:handle_request():130] handle_request: poll_exit
2022-01-30 09:55:31,667 DEBUG   SenderThread:36574 [sender.py:send():234] send: telemetry
2022-01-30 09:55:31,667 DEBUG   SenderThread:36574 [sender.py:send():234] send: exit
2022-01-30 09:55:31,667 INFO    SenderThread:36574 [sender.py:send_exit():366] handling exit code: 0
2022-01-30 09:55:31,668 INFO    SenderThread:36574 [sender.py:send_exit():368] handling runtime: 4
2022-01-30 09:55:31,673 INFO    SenderThread:36574 [sender.py:_save_file():939] saving file wandb-summary.json with policy end
2022-01-30 09:55:31,674 INFO    SenderThread:36574 [sender.py:send_exit():374] send defer
2022-01-30 09:55:31,674 DEBUG   SenderThread:36574 [sender.py:send_request():248] send_request: poll_exit
2022-01-30 09:55:31,675 DEBUG   HandlerThread:36574 [handler.py:handle_request():130] handle_request: defer
2022-01-30 09:55:31,675 INFO    HandlerThread:36574 [handler.py:handle_request_defer():147] handle defer: 0
2022-01-30 09:55:31,675 DEBUG   SenderThread:36574 [sender.py:send_request():248] send_request: defer
2022-01-30 09:55:31,675 INFO    SenderThread:36574 [sender.py:send_request_defer():383] handle sender defer: 0
2022-01-30 09:55:31,675 INFO    SenderThread:36574 [sender.py:transition_state():387] send defer: 1
2022-01-30 09:55:31,676 DEBUG   HandlerThread:36574 [handler.py:handle_request():130] handle_request: defer
2022-01-30 09:55:31,676 INFO    HandlerThread:36574 [handler.py:handle_request_defer():147] handle defer: 1
2022-01-30 09:55:31,676 DEBUG   SenderThread:36574 [sender.py:send_request():248] send_request: defer
2022-01-30 09:55:31,676 INFO    SenderThread:36574 [sender.py:send_request_defer():383] handle sender defer: 1
2022-01-30 09:55:31,676 INFO    SenderThread:36574 [sender.py:transition_state():387] send defer: 2
2022-01-30 09:55:31,676 DEBUG   HandlerThread:36574 [handler.py:handle_request():130] handle_request: defer
2022-01-30 09:55:31,676 INFO    HandlerThread:36574 [handler.py:handle_request_defer():147] handle defer: 2
2022-01-30 09:55:31,676 DEBUG   SenderThread:36574 [sender.py:send_request():248] send_request: defer
2022-01-30 09:55:31,676 INFO    SenderThread:36574 [sender.py:send_request_defer():383] handle sender defer: 2
2022-01-30 09:55:31,676 INFO    SenderThread:36574 [sender.py:transition_state():387] send defer: 3
2022-01-30 09:55:31,676 DEBUG   HandlerThread:36574 [handler.py:handle_request():130] handle_request: defer
2022-01-30 09:55:31,676 INFO    HandlerThread:36574 [handler.py:handle_request_defer():147] handle defer: 3
2022-01-30 09:55:31,677 DEBUG   SenderThread:36574 [sender.py:send():234] send: summary
2022-01-30 09:55:31,677 INFO    SenderThread:36574 [sender.py:_save_file():939] saving file wandb-summary.json with policy end
2022-01-30 09:55:31,677 DEBUG   SenderThread:36574 [sender.py:send_request():248] send_request: defer
2022-01-30 09:55:31,677 INFO    SenderThread:36574 [sender.py:send_request_defer():383] handle sender defer: 3
2022-01-30 09:55:31,677 INFO    SenderThread:36574 [sender.py:transition_state():387] send defer: 4
2022-01-30 09:55:31,677 DEBUG   HandlerThread:36574 [handler.py:handle_request():130] handle_request: defer
2022-01-30 09:55:31,677 INFO    HandlerThread:36574 [handler.py:handle_request_defer():147] handle defer: 4
2022-01-30 09:55:31,677 DEBUG   SenderThread:36574 [sender.py:send_request():248] send_request: defer
2022-01-30 09:55:31,677 INFO    SenderThread:36574 [sender.py:send_request_defer():383] handle sender defer: 4
2022-01-30 09:55:31,779 DEBUG   HandlerThread:36574 [handler.py:handle_request():130] handle_request: poll_exit
2022-01-30 09:55:31,801 INFO    Thread-8  :36574 [dir_watcher.py:_on_file_modified():230] file/dir modified: /home/pumpkin/.git/CENG-483/hw/hw3/implementation/src/wandb/wandb/run-20220130_095253-1nrqqz9a/files/output.log
2022-01-30 09:55:31,801 INFO    Thread-8  :36574 [dir_watcher.py:_on_file_modified():230] file/dir modified: /home/pumpkin/.git/CENG-483/hw/hw3/implementation/src/wandb/wandb/run-20220130_095253-1nrqqz9a/files/wandb-summary.json
2022-01-30 09:55:32,786 ERROR   SenderThread:36574 [internal_api.py:execute():144] 409 response executing GraphQL.
2022-01-30 09:55:32,786 ERROR   SenderThread:36574 [internal_api.py:execute():145] {"errors":[{"message":"Error 1062: Duplicate entry '665310-1nrqqz9a' for key 'PRIMARY'","path":["upsertBucket"]}],"data":{"upsertBucket":null}}
2022-01-30 09:55:33,677 INFO    WriterThread:36574 [datastore.py:close():281] close: /home/pumpkin/.git/CENG-483/hw/hw3/implementation/src/wandb/wandb/run-20220130_095253-1nrqqz9a/run-1nrqqz9a.wandb
2022-01-30 09:55:33,782 INFO    HandlerThread:36574 [handler.py:finish():731] shutting down handler
2022-01-30 09:55:33,783 ERROR   MainThread:36574 [internal.py:wandb_internal():158] Thread SenderThread:
Traceback (most recent call last):
  File "/home/pumpkin/.local/lib/python3.8/site-packages/wandb/apis/normalize.py", line 24, in wrapper
    return func(*args, **kwargs)
  File "/home/pumpkin/.local/lib/python3.8/site-packages/wandb/sdk/internal/internal_api.py", line 1298, in upsert_run
    response = self.gql(mutation, variable_values=variable_values, **kwargs)
  File "/home/pumpkin/.local/lib/python3.8/site-packages/wandb/sdk/lib/retry.py", line 102, in __call__
    result = self._call_fn(*args, **kwargs)
  File "/home/pumpkin/.local/lib/python3.8/site-packages/wandb/sdk/internal/internal_api.py", line 147, in execute
    six.reraise(*sys.exc_info())
  File "/home/pumpkin/anaconda3/envs/483/lib/python3.8/site-packages/six.py", line 719, in reraise
    raise value
  File "/home/pumpkin/.local/lib/python3.8/site-packages/wandb/sdk/internal/internal_api.py", line 141, in execute
    return self.client.execute(*args, **kwargs)
  File "/home/pumpkin/.local/lib/python3.8/site-packages/wandb/vendor/gql-0.2.0/gql/client.py", line 52, in execute
    result = self._get_result(document, *args, **kwargs)
  File "/home/pumpkin/.local/lib/python3.8/site-packages/wandb/vendor/gql-0.2.0/gql/client.py", line 60, in _get_result
    return self.transport.execute(document, *args, **kwargs)
  File "/home/pumpkin/.local/lib/python3.8/site-packages/wandb/vendor/gql-0.2.0/gql/transport/requests.py", line 39, in execute
    request.raise_for_status()
  File "/home/pumpkin/anaconda3/envs/483/lib/python3.8/site-packages/requests/models.py", line 960, in raise_for_status
    raise HTTPError(http_error_msg, response=self)
requests.exceptions.HTTPError: 409 Client Error: Conflict for url: https://api.wandb.ai/graphql

During handling of the above exception, another exception occurred:

Traceback (most recent call last):
  File "/home/pumpkin/.local/lib/python3.8/site-packages/wandb/sdk/internal/internal_util.py", line 52, in run
    self._run()
  File "/home/pumpkin/.local/lib/python3.8/site-packages/wandb/sdk/internal/internal_util.py", line 102, in _run
    self._process(record)
  File "/home/pumpkin/.local/lib/python3.8/site-packages/wandb/sdk/internal/internal.py", line 291, in _process
    self._sm.send(record)
  File "/home/pumpkin/.local/lib/python3.8/site-packages/wandb/sdk/internal/sender.py", line 236, in send
    send_handler(record)
  File "/home/pumpkin/.local/lib/python3.8/site-packages/wandb/sdk/internal/sender.py", line 250, in send_request
    send_handler(record)
  File "/home/pumpkin/.local/lib/python3.8/site-packages/wandb/sdk/internal/sender.py", line 403, in send_request_defer
    self.debounce()
  File "/home/pumpkin/.local/lib/python3.8/site-packages/wandb/sdk/internal/sender.py", line 315, in debounce
    self._debounce_config()
  File "/home/pumpkin/.local/lib/python3.8/site-packages/wandb/sdk/internal/sender.py", line 321, in _debounce_config
    self._api.upsert_run(
  File "/home/pumpkin/.local/lib/python3.8/site-packages/wandb/apis/normalize.py", line 26, in wrapper
    raise CommError(err.response, err)
wandb.errors.CommError: <Response [409]>
2022-01-30 09:55:35,797 INFO    MainThread:36574 [internal.py:handle_exit():77] Internal process exited
